

================================================================
== Vivado HLS Report for 'master_ip_uart_to_byte'
================================================================
* Date:           Wed May 11 13:22:16 2016

* Version:        2015.4 (Build 1412921 on Wed Nov 18 09:58:55 AM 2015)
* Project:        master_ip
* Solution:       solution2
* Product family: zynq
* Target device:  xc7z020clg484-1


================================================================
== Performance Estimates
================================================================
+ Timing (ns): 
    * Summary: 
    +--------+-------+----------+------------+
    |  Clock | Target| Estimated| Uncertainty|
    +--------+-------+----------+------------+
    |ap_clk  |  20.00|     10.50|        2.50|
    +--------+-------+----------+------------+

+ Latency (clock cycles): 
    * Summary: 
    +-----+-----+-----+-----+----------+
    |  Latency  |  Interval | Pipeline |
    | min | max | min | max |   Type   |
    +-----+-----+-----+-----+----------+
    |    0|    0|    1|    1| function |
    +-----+-----+-----+-----+----------+

    + Detail: 
        * Instance: 
        N/A

        * Loop: 
        N/A



================================================================
== Utilization Estimates
================================================================
* Summary: 
+-----------------+---------+-------+--------+-------+
|       Name      | BRAM_18K| DSP48E|   FF   |  LUT  |
+-----------------+---------+-------+--------+-------+
|DSP              |        -|      -|       -|      -|
|Expression       |        -|      -|       0|    485|
|FIFO             |        -|      -|       -|      -|
|Instance         |        -|      -|       -|      -|
|Memory           |        -|      -|       -|      -|
|Multiplexer      |        -|      -|       -|     39|
|Register         |        -|      -|       -|      -|
+-----------------+---------+-------+--------+-------+
|Total            |        0|      0|       0|    524|
+-----------------+---------+-------+--------+-------+
|Available        |      280|    220|  106400|  53200|
+-----------------+---------+-------+--------+-------+
|Utilization (%)  |        0|      0|       0|   ~0  |
+-----------------+---------+-------+--------+-------+

+ Detail: 
    * Instance: 
    N/A

    * DSP48: 
    N/A

    * Memory: 
    N/A

    * FIFO: 
    N/A

    * Expression: 
    +--------------------------------------------+----------+-------+---+----+------------+------------+
    |                Variable Name               | Operation| DSP48E| FF| LUT| Bitwidth P0| Bitwidth P1|
    +--------------------------------------------+----------+-------+---+----+------------+------------+
    |grp_fu_208_p2                               |     +    |      0|  0|  16|          16|          12|
    |grp_fu_215_p2                               |     +    |      0|  0|  16|          16|           1|
    |r_V_4_fu_322_p2                             |     +    |      0|  0|   5|           3|           5|
    |sel_tmp2_i_fu_444_p2                        |     +    |      0|  0|  16|          16|          16|
    |tmp_70_i_fu_402_p2                          |     +    |      0|  0|   4|           1|           4|
    |tmp_57_i_fu_344_p2                          |     -    |      0|  0|   5|           2|           5|
    |newSel1_fu_514_p3                           |  Select  |      0|  0|   4|           1|           4|
    |newSel3_fu_531_p3                           |  Select  |      0|  0|   8|           1|           8|
    |newSel4_fu_539_p3                           |  Select  |      0|  0|   8|           1|           8|
    |newSel5_fu_547_p3                           |  Select  |      0|  0|   8|           1|           8|
    |newSel6_fu_650_p3                           |  Select  |      0|  0|  16|           1|           1|
    |newSel7_fu_658_p3                           |  Select  |      0|  0|  16|           1|          16|
    |newSel_fu_506_p3                            |  Select  |      0|  0|   4|           1|           4|
    |r_V_1_fu_416_p3                             |  Select  |      0|  0|   8|           1|           8|
    |r_V_fu_394_p3                               |  Select  |      0|  0|   8|           1|           8|
    |sel_tmp13_i_fu_489_p3                       |  Select  |      0|  0|   1|           1|           1|
    |sel_tmp1_fu_633_p3                          |  Select  |      0|  0|   8|           1|           8|
    |sel_tmp2_v_i_cast_cast_fu_436_p3            |  Select  |      0|  0|  12|           1|          12|
    |uart_to_coordinates_count_V_wr_1_fu_666_p3  |  Select  |      0|  0|  16|           1|          16|
    |uart_to_coordinates_count_V_wr_fu_480_p3    |  Select  |      0|  0|  16|           1|           1|
    |uart_to_coordinates_current_ou_fu_641_p3    |  Select  |      0|  0|   8|           1|           8|
    |uart_to_coordinates_previous_i_1_fu_497_p3  |  Select  |      0|  0|   1|           1|           1|
    |uart_to_coordinates_previous_i_2_fu_675_p3  |  Select  |      0|  0|   1|           1|           1|
    |uart_to_coordinates_uart_state_1_fu_522_p3  |  Select  |      0|  0|   4|           1|           4|
    |uart_to_coordinates_uart_state_4_fu_684_p3  |  Select  |      0|  0|   4|           1|           4|
    |ap_sig_bdd_480                              |    and   |      0|  0|   1|           1|           1|
    |grp_fu_202_p2                               |    and   |      0|  0|   1|           1|           1|
    |or_cond3_fu_574_p2                          |    and   |      0|  0|   1|           1|           1|
    |or_cond4_fu_699_p2                          |    and   |      0|  0|   1|           1|           1|
    |sel_tmp1_i_fu_430_p2                        |    and   |      0|  0|   1|           1|           1|
    |sel_tmp4_fu_592_p2                          |    and   |      0|  0|   1|           1|           1|
    |sel_tmp4_i_fu_456_p2                        |    and   |      0|  0|   1|           1|           1|
    |sel_tmp6_i_fu_468_p2                        |    and   |      0|  0|   1|           1|           1|
    |sel_tmp9_fu_610_p2                          |    and   |      0|  0|   1|           1|           1|
    |sel_tmp_fu_616_p2                           |    and   |      0|  0|   1|           1|           1|
    |tmp1_fu_462_p2                              |    and   |      0|  0|   1|           1|           1|
    |tmp2_fu_604_p2                              |    and   |      0|  0|   1|           1|           1|
    |grp_fu_184_p2                               |   icmp   |      0|  0|   6|          16|          11|
    |grp_fu_190_p2                               |   icmp   |      0|  0|   6|          16|          11|
    |grp_fu_196_p2                               |   icmp   |      0|  0|   6|          16|          11|
    |tmp_10_fu_234_p2                            |   icmp   |      0|  0|   2|           4|           2|
    |tmp_12_fu_240_p2                            |   icmp   |      0|  0|   2|           4|           3|
    |tmp_15_fu_252_p2                            |   icmp   |      0|  0|   2|           4|           3|
    |tmp_17_fu_264_p2                            |   icmp   |      0|  0|   2|           4|           4|
    |tmp_19_fu_276_p2                            |   icmp   |      0|  0|   2|           4|           4|
    |tmp_1_fu_228_p2                             |   icmp   |      0|  0|   2|           4|           1|
    |tmp_21_fu_288_p2                            |   icmp   |      0|  0|   2|           4|           4|
    |tmp_23_fu_300_p2                            |   icmp   |      0|  0|   2|           4|           1|
    |tmp_2_fu_693_p2                             |   icmp   |      0|  0|   6|          16|          14|
    |tmp_3_fu_568_p2                             |   icmp   |      0|  0|   2|           4|           3|
    |tmp_9_fu_562_p2                             |   icmp   |      0|  0|   2|           4|           4|
    |tmp_fu_222_p2                               |   icmp   |      0|  0|   2|           4|           1|
    |tmp_58_i_fu_350_p2                          |   lshr   |      0|  0|   6|           5|           5|
    |tmp_65_i_fu_374_p2                          |   lshr   |      0|  0|   6|           5|           5|
    |sel_tmp7_fu_598_p2                          |    or    |      0|  0|   1|           1|           1|
    |tmp_13_fu_474_p2                            |    or    |      0|  0|   1|           1|           1|
    |tmp_14_fu_246_p2                            |    or    |      0|  0|   1|           1|           1|
    |tmp_16_fu_258_p2                            |    or    |      0|  0|   1|           1|           1|
    |tmp_18_fu_270_p2                            |    or    |      0|  0|   1|           1|           1|
    |tmp_20_fu_282_p2                            |    or    |      0|  0|   1|           1|           1|
    |tmp_22_fu_294_p2                            |    or    |      0|  0|   1|           1|           1|
    |tmp_24_fu_306_p2                            |    or    |      0|  0|   1|           1|           1|
    |uart_to_coordinates_next_out_b_1_fu_555_p2  |    or    |      0|  0|   8|           8|           8|
    |uart_to_coordinates_uart_state_2_fu_622_p2  |    or    |      0|  0|   1|           1|           1|
    |tmp_61_i_fu_360_p2                          |    shl   |      0|  0|  88|          32|          32|
    |tmp_68_i_fu_380_p2                          |    shl   |      0|  0|  88|          32|          32|
    |sel_tmp3_fu_586_p2                          |    xor   |      0|  0|   2|           1|           2|
    |sel_tmp3_i_fu_450_p2                        |    xor   |      0|  0|   2|           1|           2|
    |sel_tmp_i_fu_424_p2                         |    xor   |      0|  0|   2|           1|           2|
    |tmp_i1_fu_312_p2                            |    xor   |      0|  0|   1|           1|           1|
    |uart_to_coordinates_current_in_fu_580_p2    |    xor   |      0|  0|   2|           1|           2|
    +--------------------------------------------+----------+-------+---+----+------------+------------+
    |Total                                       |          |      0|  0| 485|         289|         353|
    +--------------------------------------------+----------+-------+---+----+------------+------------+

    * Multiplexer: 
    +------------------------------------------------+----+-----------+-----+-----------+
    |                      Name                      | LUT| Input Size| Bits| Total Bits|
    +------------------------------------------------+----+-----------+-----+-----------+
    |p_s_phi_fu_177_p4                               |   1|          3|    1|          3|
    |storemerge_phi_fu_155_p4                        |   1|          3|    1|          3|
    |uart_to_coordinates_count_V_o                   |  16|          7|   16|        112|
    |uart_to_coordinates_current_ou_1_phi_fu_167_p4  |   8|          3|    8|         24|
    |uart_to_coordinates_next_out_byte_V_o           |   8|          3|    8|         24|
    |uart_to_coordinates_previous_input_V_o          |   1|          6|    1|          6|
    |uart_to_coordinates_uart_state_V_o              |   4|          6|    4|         24|
    +------------------------------------------------+----+-----------+-----+-----------+
    |Total                                           |  39|         31|   39|        196|
    +------------------------------------------------+----+-----------+-----+-----------+

    * Register: 
    N/A



================================================================
== Interface
================================================================
* Summary: 
+-----------------------------------------------+-----+-----+------------+---------------------------------------------+--------------+
|                   RTL Ports                   | Dir | Bits|  Protocol  |                Source Object                |    C Type    |
+-----------------------------------------------+-----+-----+------------+---------------------------------------------+--------------+
|uart_to_coordinates_count_V_i                  |  in |   16|   ap_ovld  |         uart_to_coordinates_count_V         |    pointer   |
|uart_to_coordinates_count_V_o                  | out |   16|   ap_ovld  |         uart_to_coordinates_count_V         |    pointer   |
|uart_to_coordinates_count_V_o_ap_vld           | out |    1|   ap_ovld  |         uart_to_coordinates_count_V         |    pointer   |
|uart_to_coordinates_previous_input_V_i         |  in |    1|   ap_ovld  |     uart_to_coordinates_previous_input_V    |    pointer   |
|uart_to_coordinates_previous_input_V_o         | out |    1|   ap_ovld  |     uart_to_coordinates_previous_input_V    |    pointer   |
|uart_to_coordinates_previous_input_V_o_ap_vld  | out |    1|   ap_ovld  |     uart_to_coordinates_previous_input_V    |    pointer   |
|uart_to_coordinates_current_input_V_read       |  in |    1|   ap_none  |   uart_to_coordinates_current_input_V_read  |    scalar    |
|uart_to_coordinates_uart_state_V_i             |  in |    4|   ap_ovld  |       uart_to_coordinates_uart_state_V      |    pointer   |
|uart_to_coordinates_uart_state_V_o             | out |    4|   ap_ovld  |       uart_to_coordinates_uart_state_V      |    pointer   |
|uart_to_coordinates_uart_state_V_o_ap_vld      | out |    1|   ap_ovld  |       uart_to_coordinates_uart_state_V      |    pointer   |
|uart_to_coordinates_next_out_byte_V_i          |  in |    8|   ap_ovld  |     uart_to_coordinates_next_out_byte_V     |    pointer   |
|uart_to_coordinates_next_out_byte_V_o          | out |    8|   ap_ovld  |     uart_to_coordinates_next_out_byte_V     |    pointer   |
|uart_to_coordinates_next_out_byte_V_o_ap_vld   | out |    1|   ap_ovld  |     uart_to_coordinates_next_out_byte_V     |    pointer   |
|uart_to_coordinates_current_out_byte_V_read    |  in |    8|   ap_none  | uart_to_coordinates_current_out_byte_V_read |    scalar    |
|ap_return_0                                    | out |    1| ap_ctrl_hs |            master_ip_uart_to_byte           | return value |
|ap_return_1                                    | out |    8| ap_ctrl_hs |            master_ip_uart_to_byte           | return value |
+-----------------------------------------------+-----+-----+------------+---------------------------------------------+--------------+

