

================================================================
== Vivado HLS Report for 'master_ip_get_gps_info_from_ubx'
================================================================
* Date:           Wed May 11 13:22:17 2016

* Version:        2015.4 (Build 1412921 on Wed Nov 18 09:58:55 AM 2015)
* Project:        master_ip
* Solution:       solution2
* Product family: zynq
* Target device:  xc7z020clg484-1


================================================================
== Performance Estimates
================================================================
+ Timing (ns): 
    * Summary: 
    +--------+-------+----------+------------+
    |  Clock | Target| Estimated| Uncertainty|
    +--------+-------+----------+------------+
    |ap_clk  |  20.00|     12.00|        2.50|
    +--------+-------+----------+------------+

+ Latency (clock cycles): 
    * Summary: 
    +-----+-----+-----+-----+----------+
    |  Latency  |  Interval | Pipeline |
    | min | max | min | max |   Type   |
    +-----+-----+-----+-----+----------+
    |    0|    0|    1|    1| function |
    +-----+-----+-----+-----+----------+

    + Detail: 
        * Instance: 
        N/A

        * Loop: 
        N/A



================================================================
== Utilization Estimates
================================================================
* Summary: 
+-----------------+---------+-------+--------+-------+
|       Name      | BRAM_18K| DSP48E|   FF   |  LUT  |
+-----------------+---------+-------+--------+-------+
|DSP              |        -|      -|       -|      -|
|Expression       |        -|      -|       0|    639|
|FIFO             |        -|      -|       -|      -|
|Instance         |        -|      -|       -|      -|
|Memory           |        -|      -|       -|      -|
|Multiplexer      |        -|      -|       -|    115|
|Register         |        -|      -|       -|      -|
+-----------------+---------+-------+--------+-------+
|Total            |        0|      0|       0|    754|
+-----------------+---------+-------+--------+-------+
|Available        |      280|    220|  106400|  53200|
+-----------------+---------+-------+--------+-------+
|Utilization (%)  |        0|      0|       0|      1|
+-----------------+---------+-------+--------+-------+

+ Detail: 
    * Instance: 
    N/A

    * DSP48: 
    N/A

    * Memory: 
    N/A

    * FIFO: 
    N/A

    * Expression: 
    +---------------------+----------+-------+---+----+------------+------------+
    |    Variable Name    | Operation| DSP48E| FF| LUT| Bitwidth P0| Bitwidth P1|
    +---------------------+----------+-------+---+----+------------+------------+
    |grp_fu_327_p2        |     +    |      0|  0|   6|           1|           6|
    |tmp_21_fu_756_p2     |     +    |      0|  0|   6|           6|           1|
    |tmp_26_fu_733_p2     |     +    |      0|  0|   9|           9|           9|
    |tmp_34_fu_690_p2     |     +    |      0|  0|   9|           9|           9|
    |tmp_42_fu_647_p2     |     +    |      0|  0|   9|           9|           9|
    |mrv_sel1_fu_771_p3   |  Select  |      0|  0|  32|           1|          32|
    |mrv_sel2_fu_779_p3   |  Select  |      0|  0|  32|           1|          32|
    |mrv_sel_fu_763_p3    |  Select  |      0|  0|  32|           1|          32|
    |ap_sig_bdd_146       |    and   |      0|  0|   1|           1|           1|
    |ap_sig_bdd_152       |    and   |      0|  0|   1|           1|           1|
    |ap_sig_bdd_158       |    and   |      0|  0|   1|           1|           1|
    |ap_sig_bdd_553       |    and   |      0|  0|   1|           1|           1|
    |ap_sig_bdd_556       |    and   |      0|  0|   1|           1|           1|
    |or_cond10_fu_566_p2  |    and   |      0|  0|   1|           1|           1|
    |or_cond11_fu_584_p2  |    and   |      0|  0|   1|           1|           1|
    |or_cond12_fu_602_p2  |    and   |      0|  0|   1|           1|           1|
    |or_cond13_fu_620_p2  |    and   |      0|  0|   1|           1|           1|
    |or_cond1_fu_366_p2   |    and   |      0|  0|   1|           1|           1|
    |or_cond2_fu_384_p2   |    and   |      0|  0|   1|           1|           1|
    |or_cond3_fu_402_p2   |    and   |      0|  0|   1|           1|           1|
    |or_cond4_fu_420_p2   |    and   |      0|  0|   1|           1|           1|
    |or_cond5_fu_438_p2   |    and   |      0|  0|   1|           1|           1|
    |or_cond6_fu_466_p2   |    and   |      0|  0|   1|           1|           1|
    |or_cond7_fu_484_p2   |    and   |      0|  0|   1|           1|           1|
    |or_cond8_fu_502_p2   |    and   |      0|  0|   1|           1|           1|
    |or_cond9_fu_542_p2   |    and   |      0|  0|   1|           1|           1|
    |or_cond_fu_348_p2    |    and   |      0|  0|   1|           1|           1|
    |tmp1_fu_536_p2       |    and   |      0|  0|   1|           1|           1|
    |icmp1_fu_524_p2      |   icmp   |      0|  0|   3|           7|           1|
    |icmp_fu_460_p2       |   icmp   |      0|  0|   1|           2|           1|
    |tmp_10_fu_432_p2     |   icmp   |      0|  0|   3|           8|           1|
    |tmp_11_fu_444_p2     |   icmp   |      0|  0|   3|           6|           3|
    |tmp_13_fu_472_p2     |   icmp   |      0|  0|   3|           6|           5|
    |tmp_14_fu_478_p2     |   icmp   |      0|  0|   3|           6|           4|
    |tmp_15_fu_490_p2     |   icmp   |      0|  0|   3|           6|           4|
    |tmp_16_fu_496_p2     |   icmp   |      0|  0|   3|           8|           8|
    |tmp_17_fu_508_p2     |   icmp   |      0|  0|   3|           6|           5|
    |tmp_18_fu_530_p2     |   icmp   |      0|  0|   3|           8|           3|
    |tmp_19_fu_548_p2     |   icmp   |      0|  0|   3|           6|           5|
    |tmp_1_fu_354_p2      |   icmp   |      0|  0|   3|           6|           1|
    |tmp_22_fu_554_p2     |   icmp   |      0|  0|   3|           6|           5|
    |tmp_23_fu_560_p2     |   icmp   |      0|  0|   3|           6|           5|
    |tmp_2_fu_360_p2      |   icmp   |      0|  0|   3|           8|           7|
    |tmp_30_fu_572_p2     |   icmp   |      0|  0|   3|           6|           5|
    |tmp_31_fu_578_p2     |   icmp   |      0|  0|   3|           6|           5|
    |tmp_38_fu_590_p2     |   icmp   |      0|  0|   3|           6|           5|
    |tmp_39_fu_596_p2     |   icmp   |      0|  0|   3|           6|           5|
    |tmp_3_fu_372_p2      |   icmp   |      0|  0|   3|           6|           2|
    |tmp_46_fu_608_p2     |   icmp   |      0|  0|   3|           6|           4|
    |tmp_47_fu_614_p2     |   icmp   |      0|  0|   3|           8|           8|
    |tmp_4_fu_378_p2      |   icmp   |      0|  0|   3|           8|           1|
    |tmp_5_fu_390_p2      |   icmp   |      0|  0|   3|           6|           2|
    |tmp_6_fu_396_p2      |   icmp   |      0|  0|   3|           8|           3|
    |tmp_7_fu_408_p2      |   icmp   |      0|  0|   3|           6|           3|
    |tmp_8_fu_414_p2      |   icmp   |      0|  0|   3|           8|           6|
    |tmp_9_fu_426_p2      |   icmp   |      0|  0|   3|           6|           3|
    |tmp_fu_336_p2        |   icmp   |      0|  0|   3|           6|           1|
    |tmp_s_fu_342_p2      |   icmp   |      0|  0|   3|           8|           8|
    |tmp_28_fu_749_p2     |    or    |      0|  0|  44|          32|          32|
    |tmp_36_fu_706_p2     |    or    |      0|  0|  44|          32|          32|
    |tmp_44_fu_663_p2     |    or    |      0|  0|  44|          32|          32|
    |tmp_27_fu_743_p2     |    shl   |      0|  0|  88|          32|          32|
    |tmp_35_fu_700_p2     |    shl   |      0|  0|  88|          32|          32|
    |tmp_43_fu_657_p2     |    shl   |      0|  0|  88|          32|          32|
    +---------------------+----------+-------+---+----+------------+------------+
    |Total                |          |      0|  0| 639|         444|         461|
    +---------------------+----------+-------+---+----+------------+------------+

    * Multiplexer: 
    +-----------------------------------------------+----+-----------+-----+-----------+
    |                      Name                     | LUT| Input Size| Bits| Total Bits|
    +-----------------------------------------------+----+-----------+-----+-----------+
    |tmp_20_phi_fu_197_p22                          |  12|         10|    6|         60|
    |uart_to_coordinates_gnss_state_phi_fu_314_p10  |   6|          4|    6|         24|
    |uart_to_coordinates_tempCoordinates_0_o        |  32|          3|   32|         96|
    |uart_to_coordinates_tempCoordinates_1_o        |  32|          3|   32|         96|
    |uart_to_coordinates_tempCoordinates_2_o        |  32|          3|   32|         96|
    |write_flag3_1_phi_fu_235_p10                   |   1|          3|    1|          3|
    +-----------------------------------------------+----+-----------+-----+-----------+
    |Total                                          | 115|         26|  109|        375|
    +-----------------------------------------------+----+-----------+-----+-----------+

    * Register: 
    N/A



================================================================
== Interface
================================================================
* Summary: 
+------------------------------------------------+-----+-----+------------+---------------------------------------------+--------------+
|                    RTL Ports                   | Dir | Bits|  Protocol  |                Source Object                |    C Type    |
+------------------------------------------------+-----+-----+------------+---------------------------------------------+--------------+
|uart_to_coordinates_current_out_byte_V_read     |  in |    8|   ap_none  | uart_to_coordinates_current_out_byte_V_read |    scalar    |
|uart_to_coordinates_gnss_state_V_read           |  in |    6|   ap_none  |    uart_to_coordinates_gnss_state_V_read    |    scalar    |
|uart_to_coordinates_ck_a_V_read                 |  in |    8|   ap_none  |       uart_to_coordinates_ck_a_V_read       |    scalar    |
|uart_to_coordinates_ck_b_V_read                 |  in |    8|   ap_none  |       uart_to_coordinates_ck_b_V_read       |    scalar    |
|uart_to_coordinates_tempCoordinates_0_i         |  in |   32|   ap_ovld  |    uart_to_coordinates_tempCoordinates_0    |    pointer   |
|uart_to_coordinates_tempCoordinates_0_o         | out |   32|   ap_ovld  |    uart_to_coordinates_tempCoordinates_0    |    pointer   |
|uart_to_coordinates_tempCoordinates_0_o_ap_vld  | out |    1|   ap_ovld  |    uart_to_coordinates_tempCoordinates_0    |    pointer   |
|uart_to_coordinates_tempCoordinates_1_i         |  in |   32|   ap_ovld  |    uart_to_coordinates_tempCoordinates_1    |    pointer   |
|uart_to_coordinates_tempCoordinates_1_o         | out |   32|   ap_ovld  |    uart_to_coordinates_tempCoordinates_1    |    pointer   |
|uart_to_coordinates_tempCoordinates_1_o_ap_vld  | out |    1|   ap_ovld  |    uart_to_coordinates_tempCoordinates_1    |    pointer   |
|uart_to_coordinates_tempCoordinates_2_i         |  in |   32|   ap_ovld  |    uart_to_coordinates_tempCoordinates_2    |    pointer   |
|uart_to_coordinates_tempCoordinates_2_o         | out |   32|   ap_ovld  |    uart_to_coordinates_tempCoordinates_2    |    pointer   |
|uart_to_coordinates_tempCoordinates_2_o_ap_vld  | out |    1|   ap_ovld  |    uart_to_coordinates_tempCoordinates_2    |    pointer   |
|p_read1                                         |  in |   32|   ap_none  |                   p_read1                   |    scalar    |
|p_read4                                         |  in |   32|   ap_none  |                   p_read4                   |    scalar    |
|p_read5                                         |  in |   32|   ap_none  |                   p_read5                   |    scalar    |
|ap_return_0                                     | out |    6| ap_ctrl_hs |       master_ip_get_gps_info_from_ubx       | return value |
|ap_return_1                                     | out |   32| ap_ctrl_hs |       master_ip_get_gps_info_from_ubx       | return value |
|ap_return_2                                     | out |   32| ap_ctrl_hs |       master_ip_get_gps_info_from_ubx       | return value |
|ap_return_3                                     | out |   32| ap_ctrl_hs |       master_ip_get_gps_info_from_ubx       | return value |
+------------------------------------------------+-----+-----+------------+---------------------------------------------+--------------+

