

================================================================
== Vivado HLS Report for 'master_ip_get_gps_info_from_ubx'
================================================================
* Date:           Wed May 11 13:21:21 2016

* Version:        2015.4 (Build 1412921 on Wed Nov 18 09:58:55 AM 2015)
* Project:        master_ip
* Solution:       solution1
* Product family: zynq
* Target device:  xc7z020clg484-1


================================================================
== Performance Estimates
================================================================
+ Timing (ns): 
    * Summary: 
    +--------+-------+----------+------------+
    |  Clock | Target| Estimated| Uncertainty|
    +--------+-------+----------+------------+
    |ap_clk  |  20.00|      6.97|        2.50|
    +--------+-------+----------+------------+

+ Latency (clock cycles): 
    * Summary: 
    +-----+-----+-----+-----+---------+
    |  Latency  |  Interval | Pipeline|
    | min | max | min | max |   Type  |
    +-----+-----+-----+-----+---------+
    |    1|    2|    1|    2|   none  |
    +-----+-----+-----+-----+---------+

    + Detail: 
        * Instance: 
        N/A

        * Loop: 
        N/A

============================================================
+ Verbose Summary: Synthesis Manager
============================================================
InlineROM: 1
ExposeGlobal: 0
============================================================
+ Verbose Summary: CDFG Model
============================================================
IsTopModel: 0
ResetActiveHigh: 1
IsCombinational: 0
IsDatapathOnly: 0
HasWiredReturn: 1
HasMFsm: 0
HasVarLatency: 1
IsPipeline: 0
IsRtlPipelined: 0
IsInstanceOverlapped: 0
IsDontTouch: 0
HasImplIP: 0
IsGatedGlobalClock: 0


============================================================
+ Verbose Summary: Schedule
============================================================
* Number of FSM states: 3
* Pipeline: 0
* Dataflow Pipeline: 0

* FSM state transitions: 
1 --> 
	2  / (or_cond) | (or_cond1) | (or_cond2) | (or_cond3) | (or_cond4) | (or_cond5) | (or_cond6) | (or_cond7) | (or_cond8) | (or_cond9) | (tmp_19)
	3  / (!or_cond & !or_cond1 & !or_cond2 & !or_cond3 & !or_cond4 & !or_cond5 & !or_cond6 & !or_cond7 & !or_cond8 & !or_cond9 & !tmp_19)
2 --> 
	3  / true
3 --> 
* FSM state operations: 

 <State 1>: 6.97ns
ST_1: p_read [1/1] 0.00ns
:0  %p_read = call i32 @_ssdm_op_Read.ap_auto.i32(i32 %p_read5)

ST_1: p_read_4 [1/1] 0.00ns
:1  %p_read_4 = call i32 @_ssdm_op_Read.ap_auto.i32(i32 %p_read4)

ST_1: p_read_5 [1/1] 0.00ns
:2  %p_read_5 = call i32 @_ssdm_op_Read.ap_auto.i32(i32 %p_read1)

ST_1: uart_to_coordinates_ck_b_V_rea [1/1] 0.00ns
:3  %uart_to_coordinates_ck_b_V_rea = call i8 @_ssdm_op_Read.ap_auto.i8(i8 %uart_to_coordinates_ck_b_V_read)

ST_1: uart_to_coordinates_ck_a_V_rea [1/1] 0.00ns
:4  %uart_to_coordinates_ck_a_V_rea = call i8 @_ssdm_op_Read.ap_auto.i8(i8 %uart_to_coordinates_ck_a_V_read)

ST_1: uart_to_coordinates_gnss_state_2 [1/1] 0.00ns
:5  %uart_to_coordinates_gnss_state_2 = call i6 @_ssdm_op_Read.ap_auto.i6(i6 %uart_to_coordinates_gnss_state_V_read)

ST_1: uart_to_coordinates_current_ou [1/1] 0.00ns
:6  %uart_to_coordinates_current_ou = call i8 @_ssdm_op_Read.ap_auto.i8(i8 %uart_to_coordinates_current_out_byte_V_read)

ST_1: tmp [1/1] 1.94ns
:7  %tmp = icmp eq i6 %uart_to_coordinates_gnss_state_2, 0

ST_1: tmp_s [1/1] 2.00ns
:8  %tmp_s = icmp eq i8 %uart_to_coordinates_current_ou, -75

ST_1: or_cond [1/1] 1.37ns
:9  %or_cond = and i1 %tmp, %tmp_s

ST_1: stg_14 [1/1] 2.23ns
:10  br i1 %or_cond, label %._crit_edge454, label %._crit_edge

ST_1: tmp_1 [1/1] 1.94ns
._crit_edge:0  %tmp_1 = icmp eq i6 %uart_to_coordinates_gnss_state_2, 1

ST_1: tmp_2 [1/1] 2.00ns
._crit_edge:1  %tmp_2 = icmp eq i8 %uart_to_coordinates_current_ou, 98

ST_1: or_cond1 [1/1] 1.37ns
._crit_edge:2  %or_cond1 = and i1 %tmp_1, %tmp_2

ST_1: stg_18 [1/1] 2.23ns
._crit_edge:3  br i1 %or_cond1, label %._crit_edge454, label %._crit_edge456

ST_1: tmp_3 [1/1] 1.94ns
._crit_edge456:0  %tmp_3 = icmp eq i6 %uart_to_coordinates_gnss_state_2, 2

ST_1: tmp_4 [1/1] 2.00ns
._crit_edge456:1  %tmp_4 = icmp eq i8 %uart_to_coordinates_current_ou, 1

ST_1: or_cond2 [1/1] 1.37ns
._crit_edge456:2  %or_cond2 = and i1 %tmp_3, %tmp_4

ST_1: stg_22 [1/1] 2.23ns
._crit_edge456:3  br i1 %or_cond2, label %._crit_edge454, label %._crit_edge459

ST_1: tmp_5 [1/1] 1.94ns
._crit_edge459:0  %tmp_5 = icmp eq i6 %uart_to_coordinates_gnss_state_2, 3

ST_1: tmp_6 [1/1] 2.00ns
._crit_edge459:1  %tmp_6 = icmp eq i8 %uart_to_coordinates_current_ou, 6

ST_1: or_cond3 [1/1] 1.37ns
._crit_edge459:2  %or_cond3 = and i1 %tmp_5, %tmp_6

ST_1: stg_26 [1/1] 2.23ns
._crit_edge459:3  br i1 %or_cond3, label %._crit_edge454, label %._crit_edge462

ST_1: tmp_7 [1/1] 1.94ns
._crit_edge462:0  %tmp_7 = icmp eq i6 %uart_to_coordinates_gnss_state_2, 4

ST_1: tmp_8 [1/1] 2.00ns
._crit_edge462:1  %tmp_8 = icmp eq i8 %uart_to_coordinates_current_ou, 52

ST_1: or_cond4 [1/1] 1.37ns
._crit_edge462:2  %or_cond4 = and i1 %tmp_7, %tmp_8

ST_1: stg_30 [1/1] 2.23ns
._crit_edge462:3  br i1 %or_cond4, label %._crit_edge454, label %._crit_edge465

ST_1: tmp_9 [1/1] 1.94ns
._crit_edge465:0  %tmp_9 = icmp eq i6 %uart_to_coordinates_gnss_state_2, 5

ST_1: tmp_10 [1/1] 2.00ns
._crit_edge465:1  %tmp_10 = icmp eq i8 %uart_to_coordinates_current_ou, 0

ST_1: or_cond5 [1/1] 1.37ns
._crit_edge465:2  %or_cond5 = and i1 %tmp_9, %tmp_10

ST_1: stg_34 [1/1] 2.23ns
._crit_edge465:3  br i1 %or_cond5, label %._crit_edge454, label %._crit_edge468

ST_1: tmp_11 [1/1] 1.94ns
._crit_edge468:0  %tmp_11 = icmp ugt i6 %uart_to_coordinates_gnss_state_2, 5

ST_1: tmp_49 [1/1] 0.00ns
._crit_edge468:1  %tmp_49 = call i2 @_ssdm_op_PartSelect.i2.i6.i32.i32(i6 %uart_to_coordinates_gnss_state_2, i32 4, i32 5)

ST_1: icmp [1/1] 1.36ns
._crit_edge468:2  %icmp = icmp eq i2 %tmp_49, 0

ST_1: or_cond6 [1/1] 1.37ns
._crit_edge468:3  %or_cond6 = and i1 %tmp_11, %icmp

ST_1: stg_39 [1/1] 2.23ns
._crit_edge468:4  br i1 %or_cond6, label %._crit_edge454, label %._crit_edge471

ST_1: tmp_13 [1/1] 1.94ns
._crit_edge471:0  %tmp_13 = icmp ugt i6 %uart_to_coordinates_gnss_state_2, 29

ST_1: tmp_14 [1/1] 1.94ns
._crit_edge471:1  %tmp_14 = icmp ult i6 %uart_to_coordinates_gnss_state_2, -6

ST_1: or_cond7 [1/1] 1.37ns
._crit_edge471:2  %or_cond7 = and i1 %tmp_13, %tmp_14

ST_1: stg_43 [1/1] 2.23ns
._crit_edge471:3  br i1 %or_cond7, label %._crit_edge454, label %._crit_edge474

ST_1: tmp_15 [1/1] 1.94ns
._crit_edge474:0  %tmp_15 = icmp eq i6 %uart_to_coordinates_gnss_state_2, -6

ST_1: tmp_16 [1/1] 2.00ns
._crit_edge474:1  %tmp_16 = icmp eq i8 %uart_to_coordinates_current_ou, %uart_to_coordinates_ck_a_V_rea

ST_1: or_cond8 [1/1] 1.37ns
._crit_edge474:2  %or_cond8 = and i1 %tmp_15, %tmp_16

ST_1: stg_47 [1/1] 2.23ns
._crit_edge474:3  br i1 %or_cond8, label %._crit_edge454, label %._crit_edge477

ST_1: tmp_17 [1/1] 1.94ns
._crit_edge477:0  %tmp_17 = icmp eq i6 %uart_to_coordinates_gnss_state_2, 16

ST_1: tmp_50 [1/1] 0.00ns
._crit_edge477:1  %tmp_50 = call i7 @_ssdm_op_PartSelect.i7.i8.i32.i32(i8 %uart_to_coordinates_current_ou, i32 1, i32 7)

ST_1: icmp1 [1/1] 1.97ns
._crit_edge477:2  %icmp1 = icmp ne i7 %tmp_50, 0

ST_1: tmp_18 [1/1] 2.00ns
._crit_edge477:3  %tmp_18 = icmp ult i8 %uart_to_coordinates_current_ou, 5

ST_1: tmp1 [1/1] 1.37ns
._crit_edge477:4  %tmp1 = and i1 %icmp1, %tmp_18

ST_1: or_cond9 [1/1] 1.37ns
._crit_edge477:5  %or_cond9 = and i1 %tmp1, %tmp_17

ST_1: stg_54 [1/1] 2.23ns
._crit_edge477:6  br i1 %or_cond9, label %._crit_edge454, label %._crit_edge480

ST_1: tmp_19 [1/1] 1.94ns
._crit_edge480:0  %tmp_19 = icmp eq i6 %uart_to_coordinates_gnss_state_2, 17

ST_1: stg_56 [1/1] 2.23ns
._crit_edge480:1  br i1 %tmp_19, label %._crit_edge454, label %1

ST_1: tmp_22 [1/1] 1.94ns
:0  %tmp_22 = icmp ugt i6 %uart_to_coordinates_gnss_state_2, 17

ST_1: tmp_23 [1/1] 1.94ns
:1  %tmp_23 = icmp ult i6 %uart_to_coordinates_gnss_state_2, 22

ST_1: or_cond10 [1/1] 1.37ns
:2  %or_cond10 = and i1 %tmp_22, %tmp_23

ST_1: uart_to_coordinates_tempCoordi [1/1] 0.00ns
:3  %uart_to_coordinates_tempCoordi = call i32 @_ssdm_op_Read.ap_auto.i32P(i32* %uart_to_coordinates_tempCoordinates_0)

ST_1: stg_61 [1/1] 0.00ns
:4  br i1 %or_cond10, label %2, label %._crit_edge485

ST_1: tmp_30 [1/1] 1.94ns
._crit_edge485:0  %tmp_30 = icmp ugt i6 %uart_to_coordinates_gnss_state_2, 21

ST_1: tmp_31 [1/1] 1.94ns
._crit_edge485:1  %tmp_31 = icmp ult i6 %uart_to_coordinates_gnss_state_2, 26

ST_1: or_cond11 [1/1] 1.37ns
._crit_edge485:2  %or_cond11 = and i1 %tmp_30, %tmp_31

ST_1: uart_to_coordinates_tempCoordi_1 [1/1] 0.00ns
._crit_edge485:3  %uart_to_coordinates_tempCoordi_1 = call i32 @_ssdm_op_Read.ap_auto.i32P(i32* %uart_to_coordinates_tempCoordinates_1)

ST_1: stg_66 [1/1] 0.00ns
._crit_edge485:4  br i1 %or_cond11, label %3, label %._crit_edge487

ST_1: tmp_38 [1/1] 1.94ns
._crit_edge487:0  %tmp_38 = icmp ugt i6 %uart_to_coordinates_gnss_state_2, 25

ST_1: tmp_39 [1/1] 1.94ns
._crit_edge487:1  %tmp_39 = icmp ult i6 %uart_to_coordinates_gnss_state_2, 30

ST_1: or_cond12 [1/1] 1.37ns
._crit_edge487:2  %or_cond12 = and i1 %tmp_38, %tmp_39

ST_1: uart_to_coordinates_tempCoordi_2 [1/1] 0.00ns
._crit_edge487:3  %uart_to_coordinates_tempCoordi_2 = call i32 @_ssdm_op_Read.ap_auto.i32P(i32* %uart_to_coordinates_tempCoordinates_2)

ST_1: stg_71 [1/1] 0.00ns
._crit_edge487:4  br i1 %or_cond12, label %4, label %._crit_edge489

ST_1: tmp_46 [1/1] 1.94ns
._crit_edge489:0  %tmp_46 = icmp eq i6 %uart_to_coordinates_gnss_state_2, -5

ST_1: tmp_47 [1/1] 2.00ns
._crit_edge489:1  %tmp_47 = icmp eq i8 %uart_to_coordinates_current_ou, %uart_to_coordinates_ck_b_V_rea

ST_1: or_cond13 [1/1] 1.37ns
._crit_edge489:2  %or_cond13 = and i1 %tmp_46, %tmp_47

ST_1: stg_75 [1/1] 0.00ns
._crit_edge489:3  call void @_ssdm_op_Write.ap_auto.i32P(i32* %uart_to_coordinates_tempCoordinates_0, i32 0)

ST_1: stg_76 [1/1] 0.00ns
._crit_edge489:4  call void @_ssdm_op_Write.ap_auto.i32P(i32* %uart_to_coordinates_tempCoordinates_1, i32 0)

ST_1: stg_77 [1/1] 0.00ns
._crit_edge489:5  call void @_ssdm_op_Write.ap_auto.i32P(i32* %uart_to_coordinates_tempCoordinates_2, i32 0)

ST_1: stg_78 [1/1] 1.94ns
._crit_edge489:6  br label %5

ST_1: tmp_40 [1/1] 0.00ns
:0  %tmp_40 = zext i8 %uart_to_coordinates_current_ou to i32

ST_1: tmp_53 [1/1] 0.00ns
:1  %tmp_53 = trunc i6 %uart_to_coordinates_gnss_state_2 to i5

ST_1: tmp_41 [1/1] 0.00ns
:2  %tmp_41 = call i8 @_ssdm_op_BitConcatenate.i8.i5.i3(i5 %tmp_53, i3 0)

ST_1: tmp_45_cast [1/1] 0.00ns
:3  %tmp_45_cast = zext i8 %tmp_41 to i9

ST_1: tmp_42 [1/1] 1.84ns
:4  %tmp_42 = add i9 -208, %tmp_45_cast

ST_1: tmp_46_cast [1/1] 0.00ns
:5  %tmp_46_cast = sext i9 %tmp_42 to i32

ST_1: tmp_43 [1/1] 2.01ns
:6  %tmp_43 = shl i32 %tmp_40, %tmp_46_cast

ST_1: tmp_44 [1/1] 1.37ns
:7  %tmp_44 = or i32 %uart_to_coordinates_tempCoordi_2, %tmp_43

ST_1: stg_87 [1/1] 0.00ns
:8  call void @_ssdm_op_Write.ap_auto.i32P(i32* %uart_to_coordinates_tempCoordinates_2, i32 %tmp_44)

ST_1: tmp_45 [1/1] 1.72ns
:9  %tmp_45 = add i6 1, %uart_to_coordinates_gnss_state_2

ST_1: stg_89 [1/1] 1.94ns
:10  br label %5

ST_1: tmp_32 [1/1] 0.00ns
:0  %tmp_32 = zext i8 %uart_to_coordinates_current_ou to i32

ST_1: tmp_52 [1/1] 0.00ns
:1  %tmp_52 = trunc i6 %uart_to_coordinates_gnss_state_2 to i5

ST_1: tmp_33 [1/1] 0.00ns
:2  %tmp_33 = call i8 @_ssdm_op_BitConcatenate.i8.i5.i3(i5 %tmp_52, i3 0)

ST_1: tmp_36_cast [1/1] 0.00ns
:3  %tmp_36_cast = zext i8 %tmp_33 to i9

ST_1: tmp_34 [1/1] 1.84ns
:4  %tmp_34 = add i9 -176, %tmp_36_cast

ST_1: tmp_37_cast [1/1] 0.00ns
:5  %tmp_37_cast = sext i9 %tmp_34 to i32

ST_1: tmp_35 [1/1] 2.01ns
:6  %tmp_35 = shl i32 %tmp_32, %tmp_37_cast

ST_1: tmp_36 [1/1] 1.37ns
:7  %tmp_36 = or i32 %uart_to_coordinates_tempCoordi_1, %tmp_35

ST_1: stg_98 [1/1] 0.00ns
:8  call void @_ssdm_op_Write.ap_auto.i32P(i32* %uart_to_coordinates_tempCoordinates_1, i32 %tmp_36)

ST_1: tmp_37 [1/1] 1.72ns
:9  %tmp_37 = add i6 1, %uart_to_coordinates_gnss_state_2

ST_1: stg_100 [1/1] 1.94ns
:10  br label %5

ST_1: tmp_24 [1/1] 0.00ns
:0  %tmp_24 = zext i8 %uart_to_coordinates_current_ou to i32

ST_1: tmp_51 [1/1] 0.00ns
:1  %tmp_51 = trunc i6 %uart_to_coordinates_gnss_state_2 to i5

ST_1: tmp_25 [1/1] 0.00ns
:2  %tmp_25 = call i8 @_ssdm_op_BitConcatenate.i8.i5.i3(i5 %tmp_51, i3 0)

ST_1: tmp_27_cast [1/1] 0.00ns
:3  %tmp_27_cast = zext i8 %tmp_25 to i9

ST_1: tmp_26 [1/1] 1.84ns
:4  %tmp_26 = add i9 -144, %tmp_27_cast

ST_1: tmp_28_cast [1/1] 0.00ns
:5  %tmp_28_cast = sext i9 %tmp_26 to i32

ST_1: tmp_27 [1/1] 2.01ns
:6  %tmp_27 = shl i32 %tmp_24, %tmp_28_cast

ST_1: tmp_28 [1/1] 1.37ns
:7  %tmp_28 = or i32 %uart_to_coordinates_tempCoordi, %tmp_27

ST_1: stg_109 [1/1] 0.00ns
:8  call void @_ssdm_op_Write.ap_auto.i32P(i32* %uart_to_coordinates_tempCoordinates_0, i32 %tmp_28)

ST_1: tmp_29 [1/1] 1.72ns
:9  %tmp_29 = add i6 1, %uart_to_coordinates_gnss_state_2

ST_1: stg_111 [1/1] 1.94ns
:10  br label %5


 <State 2>: 3.66ns
ST_2: tmp_20 [1/1] 0.00ns
._crit_edge454:0  %tmp_20 = phi i6 [ %uart_to_coordinates_gnss_state_2, %._crit_edge480 ], [ 0, %0 ], [ 1, %._crit_edge ], [ 2, %._crit_edge456 ], [ 3, %._crit_edge459 ], [ 4, %._crit_edge462 ], [ 5, %._crit_edge465 ], [ %uart_to_coordinates_gnss_state_2, %._crit_edge468 ], [ %uart_to_coordinates_gnss_state_2, %._crit_edge471 ], [ -6, %._crit_edge474 ], [ 16, %._crit_edge477 ]

ST_2: tmp_21 [1/1] 1.72ns
._crit_edge454:1  %tmp_21 = add i6 %tmp_20, 1

ST_2: stg_114 [1/1] 1.94ns
._crit_edge454:2  br label %5


 <State 3>: 1.37ns
ST_3: write_flag3_1 [1/1] 0.00ns
:0  %write_flag3_1 = phi i1 [ false, %._crit_edge454 ], [ false, %2 ], [ false, %3 ], [ false, %4 ], [ %or_cond13, %._crit_edge489 ]

ST_3: coordinates_0_1 [1/1] 0.00ns
:1  %coordinates_0_1 = phi i32 [ undef, %._crit_edge454 ], [ undef, %2 ], [ undef, %3 ], [ undef, %4 ], [ %uart_to_coordinates_tempCoordi, %._crit_edge489 ]

ST_3: coordinates_1_1 [1/1] 0.00ns
:2  %coordinates_1_1 = phi i32 [ undef, %._crit_edge454 ], [ undef, %2 ], [ undef, %3 ], [ undef, %4 ], [ %uart_to_coordinates_tempCoordi_1, %._crit_edge489 ]

ST_3: coordinates_2_1 [1/1] 0.00ns
:3  %coordinates_2_1 = phi i32 [ undef, %._crit_edge454 ], [ undef, %2 ], [ undef, %3 ], [ undef, %4 ], [ %uart_to_coordinates_tempCoordi_2, %._crit_edge489 ]

ST_3: uart_to_coordinates_gnss_state [1/1] 0.00ns
:4  %uart_to_coordinates_gnss_state = phi i6 [ %tmp_21, %._crit_edge454 ], [ %tmp_29, %2 ], [ %tmp_37, %3 ], [ %tmp_45, %4 ], [ 0, %._crit_edge489 ]

ST_3: mrv_sel [1/1] 1.37ns
:5  %mrv_sel = select i1 %write_flag3_1, i32 %coordinates_0_1, i32 %p_read_5

ST_3: mrv_sel1 [1/1] 1.37ns
:6  %mrv_sel1 = select i1 %write_flag3_1, i32 %coordinates_1_1, i32 %p_read_4

ST_3: mrv_sel2 [1/1] 1.37ns
:7  %mrv_sel2 = select i1 %write_flag3_1, i32 %coordinates_2_1, i32 %p_read

ST_3: mrv [1/1] 0.00ns
:8  %mrv = insertvalue { i6, i32, i32, i32 } undef, i6 %uart_to_coordinates_gnss_state, 0

ST_3: mrv_1 [1/1] 0.00ns
:9  %mrv_1 = insertvalue { i6, i32, i32, i32 } %mrv, i32 %mrv_sel, 1

ST_3: mrv_2 [1/1] 0.00ns
:10  %mrv_2 = insertvalue { i6, i32, i32, i32 } %mrv_1, i32 %mrv_sel1, 2

ST_3: mrv_3 [1/1] 0.00ns
:11  %mrv_3 = insertvalue { i6, i32, i32, i32 } %mrv_2, i32 %mrv_sel2, 3

ST_3: stg_127 [1/1] 0.00ns
:12  ret { i6, i32, i32, i32 } %mrv_3



============================================================
+ Verbose Summary: Binding
============================================================
N/A
* FSMD analyzer results:
  - Output states:
  - Chain level:
	State 1
	State 2
	State 3


============================================================
+ Verbose Summary: Datapath Resource usage 
============================================================
N/A
