

================================================================
== Vivado HLS Report for 'master_ip_mainFunction'
================================================================
* Date:           Wed May 11 13:21:25 2016

* Version:        2015.4 (Build 1412921 on Wed Nov 18 09:58:55 AM 2015)
* Project:        master_ip
* Solution:       solution1
* Product family: zynq
* Target device:  xc7z020clg484-1


================================================================
== Performance Estimates
================================================================
+ Timing (ns): 
    * Summary: 
    +--------+-------+----------+------------+
    |  Clock | Target| Estimated| Uncertainty|
    +--------+-------+----------+------------+
    |ap_clk  |  20.00|     14.39|        2.50|
    +--------+-------+----------+------------+

+ Latency (clock cycles): 
    * Summary: 
    +-----+-----+-----+-----+---------+
    |  Latency  |  Interval | Pipeline|
    | min | max | min | max |   Type  |
    +-----+-----+-----+-----+---------+
    |    1|    4|    1|    4|   none  |
    +-----+-----+-----+-----+---------+

    + Detail: 
        * Instance: 
        +--------------------------------------------+---------------------------------+-----+-----+-----+-----+---------+
        |                                            |                                 |  Latency  |  Interval | Pipeline|
        |                  Instance                  |              Module             | min | max | min | max |   Type  |
        +--------------------------------------------+---------------------------------+-----+-----+-----+-----+---------+
        |grp_master_ip_get_gps_info_from_ubx_fu_166  |master_ip_get_gps_info_from_ubx  |    1|    2|    1|    2|   none  |
        |call_ret6_master_ip_uart_to_byte_fu_183     |master_ip_uart_to_byte           |    0|    0|    0|    0|   none  |
        +--------------------------------------------+---------------------------------+-----+-----+-----+-----+---------+

        * Loop: 
        N/A



================================================================
== Utilization Estimates
================================================================
* Summary: 
+-----------------+---------+-------+--------+-------+
|       Name      | BRAM_18K| DSP48E|   FF   |  LUT  |
+-----------------+---------+-------+--------+-------+
|DSP              |        -|      -|       -|      -|
|Expression       |        -|      -|       0|     86|
|FIFO             |        -|      -|       -|      -|
|Instance         |        -|      -|     214|   1381|
|Memory           |        -|      -|       -|      -|
|Multiplexer      |        -|      -|       -|    488|
|Register         |        -|      -|     273|      -|
+-----------------+---------+-------+--------+-------+
|Total            |        0|      0|     487|   1955|
+-----------------+---------+-------+--------+-------+
|Available        |      280|    220|  106400|  53200|
+-----------------+---------+-------+--------+-------+
|Utilization (%)  |        0|      0|   ~0   |      3|
+-----------------+---------+-------+--------+-------+

+ Detail: 
    * Instance: 
    +--------------------------------------------+---------------------------------+---------+-------+-----+-----+
    |                  Instance                  |              Module             | BRAM_18K| DSP48E|  FF | LUT |
    +--------------------------------------------+---------------------------------+---------+-------+-----+-----+
    |grp_master_ip_get_gps_info_from_ubx_fu_166  |master_ip_get_gps_info_from_ubx  |        0|      0|  214|  857|
    |call_ret6_master_ip_uart_to_byte_fu_183     |master_ip_uart_to_byte           |        0|      0|    0|  524|
    +--------------------------------------------+---------------------------------+---------+-------+-----+-----+
    |Total                                       |                                 |        0|      0|  214| 1381|
    +--------------------------------------------+---------------------------------+---------+-------+-----+-----+

    * DSP48: 
    N/A

    * Memory: 
    N/A

    * FIFO: 
    N/A

    * Expression: 
    +------------------------------------------+----------+-------+---+----+------------+------------+
    |               Variable Name              | Operation| DSP48E| FF| LUT| Bitwidth P0| Bitwidth P1|
    +------------------------------------------+----------+-------+---+----+------------+------------+
    |tmp_85_i_fu_211_p2                        |     +    |      0|  0|   8|           8|           8|
    |tmp_i_fu_207_p2                           |     +    |      0|  0|   8|           8|           8|
    |uart_to_coordinates_ck_a_V_1_i_fu_328_p3  |  Select  |      0|  0|   8|           1|           8|
    |uart_to_coordinates_ck_a_V_rea_fu_232_p3  |  Select  |      0|  0|   8|           1|           8|
    |uart_to_coordinates_ck_b_V_1_i_fu_337_p3  |  Select  |      0|  0|   8|           1|           8|
    |uart_to_coordinates_ck_b_V_rea_fu_239_p3  |  Select  |      0|  0|   8|           1|           8|
    |or_cond4_i_fu_226_p2                      |    and   |      0|  0|   1|           1|           1|
    |sel_tmp1_fu_251_p2                        |   icmp   |      0|  0|   3|           6|           3|
    |sel_tmp2_fu_256_p2                        |   icmp   |      0|  0|   3|           6|           3|
    |sel_tmp3_fu_261_p2                        |   icmp   |      0|  0|   3|           6|           4|
    |sel_tmp4_fu_266_p2                        |   icmp   |      0|  0|   3|           6|           4|
    |sel_tmp5_fu_271_p2                        |   icmp   |      0|  0|   3|           6|           4|
    |sel_tmp6_fu_276_p2                        |   icmp   |      0|  0|   3|           6|           1|
    |sel_tmp7_fu_281_p2                        |   icmp   |      0|  0|   3|           6|           1|
    |sel_tmp_fu_246_p2                         |   icmp   |      0|  0|   3|           6|           2|
    |tmp_86_i_fu_216_p2                        |   icmp   |      0|  0|   3|           6|           4|
    |tmp_87_i_fu_221_p2                        |   icmp   |      0|  0|   3|           6|           4|
    |sel_tmp8_fu_322_p2                        |    or    |      0|  0|   1|           1|           1|
    |tmp10_fu_310_p2                           |    or    |      0|  0|   1|           1|           1|
    |tmp11_fu_316_p2                           |    or    |      0|  0|   1|           1|           1|
    |tmp6_fu_286_p2                            |    or    |      0|  0|   1|           1|           1|
    |tmp7_fu_292_p2                            |    or    |      0|  0|   1|           1|           1|
    |tmp8_fu_298_p2                            |    or    |      0|  0|   1|           1|           1|
    |tmp9_fu_304_p2                            |    or    |      0|  0|   1|           1|           1|
    +------------------------------------------+----------+-------+---+----+------------+------------+
    |Total                                     |          |      0|  0|  86|          88|          86|
    +------------------------------------------+----------+-------+---+----+------------+------------+

    * Multiplexer: 
    +----------------------------------------------+----+-----------+-----+-----------+
    |                     Name                     | LUT| Input Size| Bits| Total Bits|
    +----------------------------------------------+----+-----------+-----+-----------+
    |ap_NS_fsm                                     |   1|          4|    1|          4|
    |ap_return_0                                   |   8|          2|    8|         16|
    |ap_return_1                                   |   8|          2|    8|         16|
    |ap_return_2                                   |   8|          2|    8|         16|
    |ap_return_3                                   |   6|          2|    6|         12|
    |ap_return_4                                   |  32|          2|   32|         64|
    |ap_return_5                                   |  32|          2|   32|         64|
    |ap_return_6                                   |  32|          2|   32|         64|
    |coordinates_1_phi_fu_124_p4                   |  32|          2|   32|         64|
    |coordinates_1_reg_121                         |  32|          2|   32|         64|
    |coordinates_2_phi_fu_133_p4                   |  32|          2|   32|         64|
    |coordinates_2_reg_130                         |  32|          2|   32|         64|
    |coordinates_phi_fu_115_p4                     |  32|          2|   32|         64|
    |coordinates_reg_112                           |  32|          2|   32|         64|
    |uart_to_coordinates_ck_a_V_phi_fu_142_p4      |   8|          2|    8|         16|
    |uart_to_coordinates_ck_a_V_reg_139            |   8|          2|    8|         16|
    |uart_to_coordinates_ck_b_V_phi_fu_151_p4      |   8|          2|    8|         16|
    |uart_to_coordinates_ck_b_V_reg_148            |   8|          2|    8|         16|
    |uart_to_coordinates_count_V_o                 |  16|          2|   16|         32|
    |uart_to_coordinates_gnss_state_phi_fu_160_p4  |   6|          2|    6|         12|
    |uart_to_coordinates_gnss_state_reg_157        |   6|          2|    6|         12|
    |uart_to_coordinates_next_out_byte_V_o         |   8|          2|    8|         16|
    |uart_to_coordinates_previous_input_V_o        |   1|          2|    1|          2|
    |uart_to_coordinates_tempCoordinates_0_o       |  32|          2|   32|         64|
    |uart_to_coordinates_tempCoordinates_1_o       |  32|          2|   32|         64|
    |uart_to_coordinates_tempCoordinates_2_o       |  32|          2|   32|         64|
    |uart_to_coordinates_uart_state_V_o            |   4|          2|    4|          8|
    +----------------------------------------------+----+-----------+-----+-----------+
    |Total                                         | 488|         56|  488|        978|
    +----------------------------------------------+----+-----------+-----+-----------+

    * Register: 
    +------------------------------------------------------------------+----+----+-----+-----------+
    |                               Name                               | FF | LUT| Bits| Const Bits|
    +------------------------------------------------------------------+----+----+-----+-----------+
    |ap_CS_fsm                                                         |   3|   0|    3|          0|
    |ap_return_0_preg                                                  |   8|   0|    8|          0|
    |ap_return_1_preg                                                  |   8|   0|    8|          0|
    |ap_return_2_preg                                                  |   8|   0|    8|          0|
    |ap_return_3_preg                                                  |   6|   0|    6|          0|
    |ap_return_4_preg                                                  |  32|   0|   32|          0|
    |ap_return_5_preg                                                  |  32|   0|   32|          0|
    |ap_return_6_preg                                                  |  32|   0|   32|          0|
    |coordinates_1_reg_121                                             |  32|   0|   32|          0|
    |coordinates_2_reg_130                                             |  32|   0|   32|          0|
    |coordinates_reg_112                                               |  32|   0|   32|          0|
    |grp_master_ip_get_gps_info_from_ubx_fu_166_ap_start_ap_start_reg  |   1|   0|    1|          0|
    |tmp_reg_455                                                       |   1|   0|    1|          0|
    |uart_to_coordinates_ck_a_V_1_i_reg_466                            |   8|   0|    8|          0|
    |uart_to_coordinates_ck_a_V_reg_139                                |   8|   0|    8|          0|
    |uart_to_coordinates_ck_b_V_1_i_reg_472                            |   8|   0|    8|          0|
    |uart_to_coordinates_ck_b_V_reg_148                                |   8|   0|    8|          0|
    |uart_to_coordinates_current_ou_reg_459                            |   8|   0|    8|          0|
    |uart_to_coordinates_gnss_state_reg_157                            |   6|   0|    6|          0|
    +------------------------------------------------------------------+----+----+-----+-----------+
    |Total                                                             | 273|   0|  273|          0|
    +------------------------------------------------------------------+----+----+-----+-----------+



================================================================
== Interface
================================================================
* Summary: 
+------------------------------------------------+-----+-----+------------+---------------------------------------------+--------------+
|                    RTL Ports                   | Dir | Bits|  Protocol  |                Source Object                |    C Type    |
+------------------------------------------------+-----+-----+------------+---------------------------------------------+--------------+
|ap_clk                                          |  in |    1| ap_ctrl_hs |            master_ip_mainFunction           | return value |
|ap_rst                                          |  in |    1| ap_ctrl_hs |            master_ip_mainFunction           | return value |
|ap_start                                        |  in |    1| ap_ctrl_hs |            master_ip_mainFunction           | return value |
|ap_done                                         | out |    1| ap_ctrl_hs |            master_ip_mainFunction           | return value |
|ap_idle                                         | out |    1| ap_ctrl_hs |            master_ip_mainFunction           | return value |
|ap_ready                                        | out |    1| ap_ctrl_hs |            master_ip_mainFunction           | return value |
|ap_return_0                                     | out |    8| ap_ctrl_hs |            master_ip_mainFunction           | return value |
|ap_return_1                                     | out |    8| ap_ctrl_hs |            master_ip_mainFunction           | return value |
|ap_return_2                                     | out |    8| ap_ctrl_hs |            master_ip_mainFunction           | return value |
|ap_return_3                                     | out |    6| ap_ctrl_hs |            master_ip_mainFunction           | return value |
|ap_return_4                                     | out |   32| ap_ctrl_hs |            master_ip_mainFunction           | return value |
|ap_return_5                                     | out |   32| ap_ctrl_hs |            master_ip_mainFunction           | return value |
|ap_return_6                                     | out |   32| ap_ctrl_hs |            master_ip_mainFunction           | return value |
|uart_to_coordinates_count_V_i                   |  in |   16|   ap_ovld  |         uart_to_coordinates_count_V         |    pointer   |
|uart_to_coordinates_count_V_o                   | out |   16|   ap_ovld  |         uart_to_coordinates_count_V         |    pointer   |
|uart_to_coordinates_count_V_o_ap_vld            | out |    1|   ap_ovld  |         uart_to_coordinates_count_V         |    pointer   |
|uart_to_coordinates_previous_input_V_i          |  in |    1|   ap_ovld  |     uart_to_coordinates_previous_input_V    |    pointer   |
|uart_to_coordinates_previous_input_V_o          | out |    1|   ap_ovld  |     uart_to_coordinates_previous_input_V    |    pointer   |
|uart_to_coordinates_previous_input_V_o_ap_vld   | out |    1|   ap_ovld  |     uart_to_coordinates_previous_input_V    |    pointer   |
|uart_to_coordinates_uart_state_V_i              |  in |    4|   ap_ovld  |       uart_to_coordinates_uart_state_V      |    pointer   |
|uart_to_coordinates_uart_state_V_o              | out |    4|   ap_ovld  |       uart_to_coordinates_uart_state_V      |    pointer   |
|uart_to_coordinates_uart_state_V_o_ap_vld       | out |    1|   ap_ovld  |       uart_to_coordinates_uart_state_V      |    pointer   |
|uart_to_coordinates_next_out_byte_V_i           |  in |    8|   ap_ovld  |     uart_to_coordinates_next_out_byte_V     |    pointer   |
|uart_to_coordinates_next_out_byte_V_o           | out |    8|   ap_ovld  |     uart_to_coordinates_next_out_byte_V     |    pointer   |
|uart_to_coordinates_next_out_byte_V_o_ap_vld    | out |    1|   ap_ovld  |     uart_to_coordinates_next_out_byte_V     |    pointer   |
|uart_to_coordinates_current_out_byte_V_read     |  in |    8|   ap_none  | uart_to_coordinates_current_out_byte_V_read |    scalar    |
|uart_to_coordinates_gnss_state_V_read           |  in |    6|   ap_none  |    uart_to_coordinates_gnss_state_V_read    |    scalar    |
|uart_to_coordinates_ck_a_V_read                 |  in |    8|   ap_none  |       uart_to_coordinates_ck_a_V_read       |    scalar    |
|uart_to_coordinates_ck_b_V_read                 |  in |    8|   ap_none  |       uart_to_coordinates_ck_b_V_read       |    scalar    |
|uart_to_coordinates_tempCoordinates_0_i         |  in |   32|   ap_ovld  |    uart_to_coordinates_tempCoordinates_0    |    pointer   |
|uart_to_coordinates_tempCoordinates_0_o         | out |   32|   ap_ovld  |    uart_to_coordinates_tempCoordinates_0    |    pointer   |
|uart_to_coordinates_tempCoordinates_0_o_ap_vld  | out |    1|   ap_ovld  |    uart_to_coordinates_tempCoordinates_0    |    pointer   |
|uart_to_coordinates_tempCoordinates_1_i         |  in |   32|   ap_ovld  |    uart_to_coordinates_tempCoordinates_1    |    pointer   |
|uart_to_coordinates_tempCoordinates_1_o         | out |   32|   ap_ovld  |    uart_to_coordinates_tempCoordinates_1    |    pointer   |
|uart_to_coordinates_tempCoordinates_1_o_ap_vld  | out |    1|   ap_ovld  |    uart_to_coordinates_tempCoordinates_1    |    pointer   |
|uart_to_coordinates_tempCoordinates_2_i         |  in |   32|   ap_ovld  |    uart_to_coordinates_tempCoordinates_2    |    pointer   |
|uart_to_coordinates_tempCoordinates_2_o         | out |   32|   ap_ovld  |    uart_to_coordinates_tempCoordinates_2    |    pointer   |
|uart_to_coordinates_tempCoordinates_2_o_ap_vld  | out |    1|   ap_ovld  |    uart_to_coordinates_tempCoordinates_2    |    pointer   |
|input_V_read                                    |  in |    1|   ap_none  |                 input_V_read                |    scalar    |
|p_read                                          |  in |   32|   ap_none  |                    p_read                   |    scalar    |
|p_read2                                         |  in |   32|   ap_none  |                   p_read2                   |    scalar    |
|p_read5                                         |  in |   32|   ap_none  |                   p_read5                   |    scalar    |
+------------------------------------------------+-----+-----+------------+---------------------------------------------+--------------+

============================================================
+ Verbose Summary: Synthesis Manager
============================================================
InlineROM: 1
ExposeGlobal: 0
============================================================
+ Verbose Summary: CDFG Model
============================================================
IsTopModel: 0
ResetActiveHigh: 1
IsCombinational: 2
IsDatapathOnly: 2
HasWiredReturn: 1
HasMFsm: 0
HasVarLatency: 1
IsPipeline: 0
IsRtlPipelined: 0
IsInstanceOverlapped: 0
IsDontTouch: 0
HasImplIP: 0
IsGatedGlobalClock: 0


============================================================
+ Verbose Summary: Schedule
============================================================
* Number of FSM states: 3
* Pipeline: 0
* Dataflow Pipeline: 0

* FSM state transitions: 
1 --> 
	2  / (tmp)
	3  / (!tmp)
2 --> 
	3  / true
3 --> 
* FSM state operations: 

 <State 1>: 13.11ns
ST_1: p_read_1 [1/1] 1.04ns
:0  %p_read_1 = call i32 @_ssdm_op_Read.ap_auto.i32(i32 %p_read5)

ST_1: p_read_2 [1/1] 1.04ns
:1  %p_read_2 = call i32 @_ssdm_op_Read.ap_auto.i32(i32 %p_read2)

ST_1: p_read_3 [1/1] 1.04ns
:2  %p_read_3 = call i32 @_ssdm_op_Read.ap_auto.i32(i32 %p_read)

ST_1: input_V_read_1 [1/1] 1.04ns
:3  %input_V_read_1 = call i1 @_ssdm_op_Read.ap_auto.i1(i1 %input_V_read)

ST_1: uart_to_coordinates_ck_b_V_rea_1 [1/1] 1.04ns
:4  %uart_to_coordinates_ck_b_V_rea_1 = call i8 @_ssdm_op_Read.ap_auto.i8(i8 %uart_to_coordinates_ck_b_V_read)

ST_1: uart_to_coordinates_ck_a_V_rea_1 [1/1] 1.04ns
:5  %uart_to_coordinates_ck_a_V_rea_1 = call i8 @_ssdm_op_Read.ap_auto.i8(i8 %uart_to_coordinates_ck_a_V_read)

ST_1: uart_to_coordinates_gnss_state_1 [1/1] 1.04ns
:6  %uart_to_coordinates_gnss_state_1 = call i6 @_ssdm_op_Read.ap_auto.i6(i6 %uart_to_coordinates_gnss_state_V_read)

ST_1: uart_to_coordinates_current_ou_3 [1/1] 1.04ns
:7  %uart_to_coordinates_current_ou_3 = call i8 @_ssdm_op_Read.ap_auto.i8(i8 %uart_to_coordinates_current_out_byte_V_read)

ST_1: call_ret6 [1/1] 10.50ns
:8  %call_ret6 = call fastcc { i1, i8 } @master_ip_uart_to_byte(i16* %uart_to_coordinates_count_V, i1* %uart_to_coordinates_previous_input_V, i1 %input_V_read_1, i4* %uart_to_coordinates_uart_state_V, i8* %uart_to_coordinates_next_out_byte_V, i8 %uart_to_coordinates_current_ou_3)

ST_1: tmp [1/1] 0.00ns
:9  %tmp = extractvalue { i1, i8 } %call_ret6, 0

ST_1: uart_to_coordinates_current_ou [1/1] 0.00ns
:10  %uart_to_coordinates_current_ou = extractvalue { i1, i8 } %call_ret6, 1

ST_1: stg_15 [1/1] 1.57ns
:11  br i1 %tmp, label %_ifconv, label %._crit_edge


 <State 2>: 14.39ns
ST_2: tmp_i [1/1] 1.72ns
_ifconv:0  %tmp_i = add i8 %uart_to_coordinates_current_ou, %uart_to_coordinates_ck_a_V_rea_1

ST_2: tmp_85_i [1/1] 1.72ns
_ifconv:1  %tmp_85_i = add i8 %tmp_i, %uart_to_coordinates_ck_b_V_rea_1

ST_2: tmp_86_i [1/1] 1.94ns
_ifconv:2  %tmp_86_i = icmp ugt i6 %uart_to_coordinates_gnss_state_1, -7

ST_2: tmp_87_i [1/1] 1.94ns
_ifconv:3  %tmp_87_i = icmp ult i6 %uart_to_coordinates_gnss_state_1, -4

ST_2: or_cond4_i [1/1] 1.37ns
_ifconv:4  %or_cond4_i = and i1 %tmp_86_i, %tmp_87_i

ST_2: uart_to_coordinates_ck_a_V_rea [1/1] 1.37ns
_ifconv:5  %uart_to_coordinates_ck_a_V_rea = select i1 %or_cond4_i, i8 %uart_to_coordinates_ck_a_V_rea_1, i8 0

ST_2: uart_to_coordinates_ck_b_V_rea [1/1] 1.37ns
_ifconv:6  %uart_to_coordinates_ck_b_V_rea = select i1 %or_cond4_i, i8 %uart_to_coordinates_ck_b_V_rea_1, i8 0

ST_2: sel_tmp [1/1] 1.94ns
_ifconv:7  %sel_tmp = icmp eq i6 %uart_to_coordinates_gnss_state_1, -1

ST_2: sel_tmp1 [1/1] 1.94ns
_ifconv:8  %sel_tmp1 = icmp eq i6 %uart_to_coordinates_gnss_state_1, -2

ST_2: sel_tmp2 [1/1] 1.94ns
_ifconv:9  %sel_tmp2 = icmp eq i6 %uart_to_coordinates_gnss_state_1, -3

ST_2: sel_tmp3 [1/1] 1.94ns
_ifconv:10  %sel_tmp3 = icmp eq i6 %uart_to_coordinates_gnss_state_1, -4

ST_2: sel_tmp4 [1/1] 1.94ns
_ifconv:11  %sel_tmp4 = icmp eq i6 %uart_to_coordinates_gnss_state_1, -5

ST_2: sel_tmp5 [1/1] 1.94ns
_ifconv:12  %sel_tmp5 = icmp eq i6 %uart_to_coordinates_gnss_state_1, -6

ST_2: sel_tmp6 [1/1] 1.94ns
_ifconv:13  %sel_tmp6 = icmp eq i6 %uart_to_coordinates_gnss_state_1, 1

ST_2: sel_tmp7 [1/1] 1.94ns
_ifconv:14  %sel_tmp7 = icmp eq i6 %uart_to_coordinates_gnss_state_1, 0

ST_2: tmp6 [1/1] 1.37ns
_ifconv:15  %tmp6 = or i1 %sel_tmp5, %sel_tmp6

ST_2: tmp7 [1/1] 1.37ns
_ifconv:16  %tmp7 = or i1 %sel_tmp4, %sel_tmp3

ST_2: tmp8 [1/1] 1.37ns
_ifconv:17  %tmp8 = or i1 %tmp7, %tmp6

ST_2: tmp9 [1/1] 1.37ns
_ifconv:18  %tmp9 = or i1 %sel_tmp, %sel_tmp2

ST_2: tmp10 [1/1] 1.37ns
_ifconv:19  %tmp10 = or i1 %sel_tmp1, %sel_tmp7

ST_2: tmp11 [1/1] 1.37ns
_ifconv:20  %tmp11 = or i1 %tmp10, %tmp9

ST_2: sel_tmp8 [1/1] 1.37ns
_ifconv:21  %sel_tmp8 = or i1 %tmp11, %tmp8

ST_2: uart_to_coordinates_ck_a_V_1_i [1/1] 1.37ns
_ifconv:22  %uart_to_coordinates_ck_a_V_1_i = select i1 %sel_tmp8, i8 %uart_to_coordinates_ck_a_V_rea, i8 %tmp_i

ST_2: uart_to_coordinates_ck_b_V_1_i [1/1] 1.37ns
_ifconv:23  %uart_to_coordinates_ck_b_V_1_i = select i1 %sel_tmp8, i8 %uart_to_coordinates_ck_b_V_rea, i8 %tmp_85_i

ST_2: call_ret5 [2/2] 6.97ns
_ifconv:24  %call_ret5 = call fastcc { i6, i32, i32, i32 } @master_ip_get_gps_info_from_ubx(i8 %uart_to_coordinates_current_ou, i6 %uart_to_coordinates_gnss_state_1, i8 %uart_to_coordinates_ck_a_V_1_i, i8 %uart_to_coordinates_ck_b_V_1_i, i32* %uart_to_coordinates_tempCoordinates_0, i32* %uart_to_coordinates_tempCoordinates_1, i32* %uart_to_coordinates_tempCoordinates_2, i32 %p_read_3, i32 %p_read_2, i32 %p_read_1)


 <State 3>: 6.79ns
ST_3: call_ret5 [1/2] 5.22ns
_ifconv:24  %call_ret5 = call fastcc { i6, i32, i32, i32 } @master_ip_get_gps_info_from_ubx(i8 %uart_to_coordinates_current_ou, i6 %uart_to_coordinates_gnss_state_1, i8 %uart_to_coordinates_ck_a_V_1_i, i8 %uart_to_coordinates_ck_b_V_1_i, i32* %uart_to_coordinates_tempCoordinates_0, i32* %uart_to_coordinates_tempCoordinates_1, i32* %uart_to_coordinates_tempCoordinates_2, i32 %p_read_3, i32 %p_read_2, i32 %p_read_1)

ST_3: call_ret2 [1/1] 0.00ns
_ifconv:25  %call_ret2 = extractvalue { i6, i32, i32, i32 } %call_ret5, 0

ST_3: coordinates_0_ret [1/1] 0.00ns
_ifconv:26  %coordinates_0_ret = extractvalue { i6, i32, i32, i32 } %call_ret5, 1

ST_3: coordinates_1_ret [1/1] 0.00ns
_ifconv:27  %coordinates_1_ret = extractvalue { i6, i32, i32, i32 } %call_ret5, 2

ST_3: coordinates_2_ret [1/1] 0.00ns
_ifconv:28  %coordinates_2_ret = extractvalue { i6, i32, i32, i32 } %call_ret5, 3

ST_3: stg_46 [1/1] 1.57ns
_ifconv:29  br label %._crit_edge

ST_3: coordinates [1/1] 0.00ns
._crit_edge:0  %coordinates = phi i32 [ %p_read_3, %0 ], [ %coordinates_0_ret, %_ifconv ]

ST_3: coordinates_1 [1/1] 0.00ns
._crit_edge:1  %coordinates_1 = phi i32 [ %p_read_2, %0 ], [ %coordinates_1_ret, %_ifconv ]

ST_3: coordinates_2 [1/1] 0.00ns
._crit_edge:2  %coordinates_2 = phi i32 [ %p_read_1, %0 ], [ %coordinates_2_ret, %_ifconv ]

ST_3: uart_to_coordinates_ck_a_V [1/1] 0.00ns
._crit_edge:3  %uart_to_coordinates_ck_a_V = phi i8 [ %uart_to_coordinates_ck_a_V_rea_1, %0 ], [ %uart_to_coordinates_ck_a_V_1_i, %_ifconv ]

ST_3: uart_to_coordinates_ck_b_V [1/1] 0.00ns
._crit_edge:4  %uart_to_coordinates_ck_b_V = phi i8 [ %uart_to_coordinates_ck_b_V_rea_1, %0 ], [ %uart_to_coordinates_ck_b_V_1_i, %_ifconv ]

ST_3: uart_to_coordinates_gnss_state [1/1] 0.00ns
._crit_edge:5  %uart_to_coordinates_gnss_state = phi i6 [ %uart_to_coordinates_gnss_state_1, %0 ], [ %call_ret2, %_ifconv ]

ST_3: newret [1/1] 0.00ns
._crit_edge:6  %newret = insertvalue { i8, i8, i8, i6, i32, i32, i32 } undef, i8 %uart_to_coordinates_ck_a_V, 0

ST_3: newret2 [1/1] 0.00ns
._crit_edge:7  %newret2 = insertvalue { i8, i8, i8, i6, i32, i32, i32 } %newret, i8 %uart_to_coordinates_ck_b_V, 1

ST_3: newret4 [1/1] 0.00ns
._crit_edge:8  %newret4 = insertvalue { i8, i8, i8, i6, i32, i32, i32 } %newret2, i8 %uart_to_coordinates_current_ou, 2

ST_3: newret6 [1/1] 0.00ns
._crit_edge:9  %newret6 = insertvalue { i8, i8, i8, i6, i32, i32, i32 } %newret4, i6 %uart_to_coordinates_gnss_state, 3

ST_3: newret8 [1/1] 0.00ns
._crit_edge:10  %newret8 = insertvalue { i8, i8, i8, i6, i32, i32, i32 } %newret6, i32 %coordinates, 4

ST_3: newret1 [1/1] 0.00ns
._crit_edge:11  %newret1 = insertvalue { i8, i8, i8, i6, i32, i32, i32 } %newret8, i32 %coordinates_1, 5

ST_3: newret3 [1/1] 0.00ns
._crit_edge:12  %newret3 = insertvalue { i8, i8, i8, i6, i32, i32, i32 } %newret1, i32 %coordinates_2, 6

ST_3: stg_60 [1/1] 0.00ns
._crit_edge:13  ret { i8, i8, i8, i6, i32, i32, i32 } %newret3



============================================================
+ Verbose Summary: Binding
============================================================
STG Binding: 
---------------- STG Properties BEGIN ----------------
- Is combinational: 0
- Is one-state seq: 0
- Is datapath-only: 0
- Is clock enabled: 0
- Is pipelined: 0
- Is top level: 0
Port [ Return ] is wired: 1; IO mode=ap_ctrl_hs:ce=0
Port [ uart_to_coordinates_count_V]:  wired=1; compound=0; hidden=0; nouse=0; global=0; static=0; extern=0; dir=2; type=0; mode=0x2a42005dd00; pingpong=0; private_global=0; IO mode=ap_ovld:ce=0
Port [ uart_to_coordinates_previous_input_V]:  wired=1; compound=0; hidden=0; nouse=0; global=0; static=0; extern=0; dir=2; type=0; mode=0x2a42005e8d0; pingpong=0; private_global=0; IO mode=ap_ovld:ce=0
Port [ uart_to_coordinates_uart_state_V]:  wired=1; compound=0; hidden=0; nouse=0; global=0; static=0; extern=0; dir=2; type=0; mode=0x2a42005deb0; pingpong=0; private_global=0; IO mode=ap_ovld:ce=0
Port [ uart_to_coordinates_next_out_byte_V]:  wired=1; compound=0; hidden=0; nouse=0; global=0; static=0; extern=0; dir=2; type=0; mode=0x2a42005e960; pingpong=0; private_global=0; IO mode=ap_ovld:ce=0
Port [ uart_to_coordinates_current_out_byte_V_read]:  wired=1; compound=0; hidden=0; nouse=0; global=0; static=0; extern=0; dir=0; type=0; mode=0x2a42005e9f0; pingpong=0; private_global=0; IO mode=ap_none:ce=0
Port [ uart_to_coordinates_gnss_state_V_read]:  wired=1; compound=0; hidden=0; nouse=0; global=0; static=0; extern=0; dir=0; type=0; mode=0x2a42005ea80; pingpong=0; private_global=0; IO mode=ap_none:ce=0
Port [ uart_to_coordinates_ck_a_V_read]:  wired=1; compound=0; hidden=0; nouse=0; global=0; static=0; extern=0; dir=0; type=0; mode=0x2a42005ed50; pingpong=0; private_global=0; IO mode=ap_none:ce=0
Port [ uart_to_coordinates_ck_b_V_read]:  wired=1; compound=0; hidden=0; nouse=0; global=0; static=0; extern=0; dir=0; type=0; mode=0x2a42005d010; pingpong=0; private_global=0; IO mode=ap_none:ce=0
Port [ uart_to_coordinates_tempCoordinates_0]:  wired=1; compound=0; hidden=0; nouse=0; global=0; static=0; extern=0; dir=2; type=0; mode=0x2a42005eb10; pingpong=0; private_global=0; IO mode=ap_ovld:ce=0
Port [ uart_to_coordinates_tempCoordinates_1]:  wired=1; compound=0; hidden=0; nouse=0; global=0; static=0; extern=0; dir=2; type=0; mode=0x2a42005eba0; pingpong=0; private_global=0; IO mode=ap_ovld:ce=0
Port [ uart_to_coordinates_tempCoordinates_2]:  wired=1; compound=0; hidden=0; nouse=0; global=0; static=0; extern=0; dir=2; type=0; mode=0x2a42005ec30; pingpong=0; private_global=0; IO mode=ap_ovld:ce=0
Port [ input_V_read]:  wired=1; compound=0; hidden=0; nouse=0; global=0; static=0; extern=0; dir=0; type=0; mode=0x2a42005ecc0; pingpong=0; private_global=0; IO mode=ap_none:ce=0
Port [ p_read]:  wired=1; compound=0; hidden=0; nouse=0; global=0; static=0; extern=0; dir=0; type=0; mode=0x2a42005ee70; pingpong=0; private_global=0; IO mode=ap_none:ce=0
Port [ p_read2]:  wired=1; compound=0; hidden=0; nouse=0; global=0; static=0; extern=0; dir=0; type=0; mode=0x2a42005ef00; pingpong=0; private_global=0; IO mode=ap_none:ce=0
Port [ p_read5]:  wired=1; compound=0; hidden=0; nouse=0; global=0; static=0; extern=0; dir=0; type=0; mode=0x2a42005ef90; pingpong=0; private_global=0; IO mode=ap_none:ce=0
---------------- STG Properties END ------------------

---------------- Datapath Model BEGIN ----------------

<LifeTime>
<method=bitvector/>
p_read_1                         (read        ) [ 0111]
p_read_2                         (read        ) [ 0111]
p_read_3                         (read        ) [ 0111]
input_V_read_1                   (read        ) [ 0000]
uart_to_coordinates_ck_b_V_rea_1 (read        ) [ 0111]
uart_to_coordinates_ck_a_V_rea_1 (read        ) [ 0111]
uart_to_coordinates_gnss_state_1 (read        ) [ 0111]
uart_to_coordinates_current_ou_3 (read        ) [ 0000]
call_ret6                        (call        ) [ 0000]
tmp                              (extractvalue) [ 0111]
uart_to_coordinates_current_ou   (extractvalue) [ 0011]
stg_15                           (br          ) [ 0111]
tmp_i                            (add         ) [ 0000]
tmp_85_i                         (add         ) [ 0000]
tmp_86_i                         (icmp        ) [ 0000]
tmp_87_i                         (icmp        ) [ 0000]
or_cond4_i                       (and         ) [ 0000]
uart_to_coordinates_ck_a_V_rea   (select      ) [ 0000]
uart_to_coordinates_ck_b_V_rea   (select      ) [ 0000]
sel_tmp                          (icmp        ) [ 0000]
sel_tmp1                         (icmp        ) [ 0000]
sel_tmp2                         (icmp        ) [ 0000]
sel_tmp3                         (icmp        ) [ 0000]
sel_tmp4                         (icmp        ) [ 0000]
sel_tmp5                         (icmp        ) [ 0000]
sel_tmp6                         (icmp        ) [ 0000]
sel_tmp7                         (icmp        ) [ 0000]
tmp6                             (or          ) [ 0000]
tmp7                             (or          ) [ 0000]
tmp8                             (or          ) [ 0000]
tmp9                             (or          ) [ 0000]
tmp10                            (or          ) [ 0000]
tmp11                            (or          ) [ 0000]
sel_tmp8                         (or          ) [ 0000]
uart_to_coordinates_ck_a_V_1_i   (select      ) [ 0101]
uart_to_coordinates_ck_b_V_1_i   (select      ) [ 0101]
call_ret5                        (call        ) [ 0000]
call_ret2                        (extractvalue) [ 0000]
coordinates_0_ret                (extractvalue) [ 0000]
coordinates_1_ret                (extractvalue) [ 0000]
coordinates_2_ret                (extractvalue) [ 0000]
stg_46                           (br          ) [ 0000]
coordinates                      (phi         ) [ 0001]
coordinates_1                    (phi         ) [ 0001]
coordinates_2                    (phi         ) [ 0001]
uart_to_coordinates_ck_a_V       (phi         ) [ 0001]
uart_to_coordinates_ck_b_V       (phi         ) [ 0001]
uart_to_coordinates_gnss_state   (phi         ) [ 0001]
newret                           (insertvalue ) [ 0000]
newret2                          (insertvalue ) [ 0000]
newret4                          (insertvalue ) [ 0000]
newret6                          (insertvalue ) [ 0000]
newret8                          (insertvalue ) [ 0000]
newret1                          (insertvalue ) [ 0000]
newret3                          (insertvalue ) [ 0000]
stg_60                           (ret         ) [ 0000]
</LifeTime>

<model>

<comp_list>
<comp id="0" class="1000" name="uart_to_coordinates_count_V">
<pin_list>
<pin id="1" dir="1" index="0" bw="1" slack="0"/>
</pin_list>
<bind>
<StgValue><ssdm name="uart_to_coordinates_count_V"/></StgValue>
</bind>
</comp>

<comp id="2" class="1000" name="uart_to_coordinates_previous_input_V">
<pin_list>
<pin id="3" dir="1" index="0" bw="1" slack="0"/>
</pin_list>
<bind>
<StgValue><ssdm name="uart_to_coordinates_previous_input_V"/></StgValue>
</bind>
</comp>

<comp id="4" class="1000" name="uart_to_coordinates_uart_state_V">
<pin_list>
<pin id="5" dir="1" index="0" bw="1" slack="0"/>
</pin_list>
<bind>
<StgValue><ssdm name="uart_to_coordinates_uart_state_V"/></StgValue>
</bind>
</comp>

<comp id="6" class="1000" name="uart_to_coordinates_next_out_byte_V">
<pin_list>
<pin id="7" dir="1" index="0" bw="1" slack="0"/>
</pin_list>
<bind>
<StgValue><ssdm name="uart_to_coordinates_next_out_byte_V"/></StgValue>
</bind>
</comp>

<comp id="8" class="1000" name="uart_to_coordinates_current_out_byte_V_read">
<pin_list>
<pin id="9" dir="1" index="0" bw="1" slack="0"/>
</pin_list>
<bind>
<StgValue><ssdm name="uart_to_coordinates_current_out_byte_V_read"/></StgValue>
</bind>
</comp>

<comp id="10" class="1000" name="uart_to_coordinates_gnss_state_V_read">
<pin_list>
<pin id="11" dir="1" index="0" bw="1" slack="0"/>
</pin_list>
<bind>
<StgValue><ssdm name="uart_to_coordinates_gnss_state_V_read"/></StgValue>
</bind>
</comp>

<comp id="12" class="1000" name="uart_to_coordinates_ck_a_V_read">
<pin_list>
<pin id="13" dir="1" index="0" bw="1" slack="0"/>
</pin_list>
<bind>
<StgValue><ssdm name="uart_to_coordinates_ck_a_V_read"/></StgValue>
</bind>
</comp>

<comp id="14" class="1000" name="uart_to_coordinates_ck_b_V_read">
<pin_list>
<pin id="15" dir="1" index="0" bw="1" slack="0"/>
</pin_list>
<bind>
<StgValue><ssdm name="uart_to_coordinates_ck_b_V_read"/></StgValue>
</bind>
</comp>

<comp id="16" class="1000" name="uart_to_coordinates_tempCoordinates_0">
<pin_list>
<pin id="17" dir="1" index="0" bw="1" slack="0"/>
</pin_list>
<bind>
<StgValue><ssdm name="uart_to_coordinates_tempCoordinates_0"/></StgValue>
</bind>
</comp>

<comp id="18" class="1000" name="uart_to_coordinates_tempCoordinates_1">
<pin_list>
<pin id="19" dir="1" index="0" bw="1" slack="0"/>
</pin_list>
<bind>
<StgValue><ssdm name="uart_to_coordinates_tempCoordinates_1"/></StgValue>
</bind>
</comp>

<comp id="20" class="1000" name="uart_to_coordinates_tempCoordinates_2">
<pin_list>
<pin id="21" dir="1" index="0" bw="1" slack="0"/>
</pin_list>
<bind>
<StgValue><ssdm name="uart_to_coordinates_tempCoordinates_2"/></StgValue>
</bind>
</comp>

<comp id="22" class="1000" name="input_V_read">
<pin_list>
<pin id="23" dir="1" index="0" bw="1" slack="0"/>
</pin_list>
<bind>
<StgValue><ssdm name="input_V_read"/></StgValue>
</bind>
</comp>

<comp id="24" class="1000" name="p_read">
<pin_list>
<pin id="25" dir="1" index="0" bw="1" slack="0"/>
</pin_list>
<bind>
<StgValue><ssdm name="p_read"/></StgValue>
</bind>
</comp>

<comp id="26" class="1000" name="p_read2">
<pin_list>
<pin id="27" dir="1" index="0" bw="1" slack="0"/>
</pin_list>
<bind>
<StgValue><ssdm name="p_read2"/></StgValue>
</bind>
</comp>

<comp id="28" class="1000" name="p_read5">
<pin_list>
<pin id="29" dir="1" index="0" bw="1" slack="0"/>
</pin_list>
<bind>
<StgValue><ssdm name="p_read5"/></StgValue>
</bind>
</comp>

<comp id="30" class="1001" name="const_30">
<pin_list>
<pin id="31" dir="1" index="0" bw="1" slack="0"/>
</pin_list>
<bind>
<StgValue><ssdm name="_ssdm_op_Read.ap_auto.i32"/></StgValue>
</bind>
</comp>

<comp id="32" class="1001" name="const_32">
<pin_list>
<pin id="33" dir="1" index="0" bw="1" slack="0"/>
</pin_list>
<bind>
<StgValue><ssdm name="_ssdm_op_Read.ap_auto.i1"/></StgValue>
</bind>
</comp>

<comp id="34" class="1001" name="const_34">
<pin_list>
<pin id="35" dir="1" index="0" bw="1" slack="0"/>
</pin_list>
<bind>
<StgValue><ssdm name="_ssdm_op_Read.ap_auto.i8"/></StgValue>
</bind>
</comp>

<comp id="36" class="1001" name="const_36">
<pin_list>
<pin id="37" dir="1" index="0" bw="1" slack="0"/>
</pin_list>
<bind>
<StgValue><ssdm name="_ssdm_op_Read.ap_auto.i6"/></StgValue>
</bind>
</comp>

<comp id="38" class="1001" name="const_38">
<pin_list>
<pin id="39" dir="1" index="0" bw="1" slack="0"/>
</pin_list>
<bind>
<StgValue><ssdm name="master_ip_uart_to_byte"/></StgValue>
</bind>
</comp>

<comp id="40" class="1001" name="const_40">
<pin_list>
<pin id="41" dir="1" index="0" bw="1" slack="0"/>
</pin_list>
<bind>
<StgValue><ssdm name=""/></StgValue>
</bind>
</comp>

<comp id="42" class="1001" name="const_42">
<pin_list>
<pin id="43" dir="1" index="0" bw="1" slack="0"/>
</pin_list>
<bind>
<StgValue><ssdm name=""/></StgValue>
</bind>
</comp>

<comp id="44" class="1001" name="const_44">
<pin_list>
<pin id="45" dir="1" index="0" bw="1" slack="0"/>
</pin_list>
<bind>
<StgValue><ssdm name=""/></StgValue>
</bind>
</comp>

<comp id="46" class="1001" name="const_46">
<pin_list>
<pin id="47" dir="1" index="0" bw="1" slack="0"/>
</pin_list>
<bind>
<StgValue><ssdm name=""/></StgValue>
</bind>
</comp>

<comp id="48" class="1001" name="const_48">
<pin_list>
<pin id="49" dir="1" index="0" bw="1" slack="0"/>
</pin_list>
<bind>
<StgValue><ssdm name=""/></StgValue>
</bind>
</comp>

<comp id="50" class="1001" name="const_50">
<pin_list>
<pin id="51" dir="1" index="0" bw="1" slack="0"/>
</pin_list>
<bind>
<StgValue><ssdm name=""/></StgValue>
</bind>
</comp>

<comp id="52" class="1001" name="const_52">
<pin_list>
<pin id="53" dir="1" index="0" bw="1" slack="0"/>
</pin_list>
<bind>
<StgValue><ssdm name=""/></StgValue>
</bind>
</comp>

<comp id="54" class="1001" name="const_54">
<pin_list>
<pin id="55" dir="1" index="0" bw="1" slack="0"/>
</pin_list>
<bind>
<StgValue><ssdm name=""/></StgValue>
</bind>
</comp>

<comp id="56" class="1001" name="const_56">
<pin_list>
<pin id="57" dir="1" index="0" bw="1" slack="0"/>
</pin_list>
<bind>
<StgValue><ssdm name=""/></StgValue>
</bind>
</comp>

<comp id="58" class="1001" name="const_58">
<pin_list>
<pin id="59" dir="1" index="0" bw="1" slack="0"/>
</pin_list>
<bind>
<StgValue><ssdm name=""/></StgValue>
</bind>
</comp>

<comp id="60" class="1001" name="const_60">
<pin_list>
<pin id="61" dir="1" index="0" bw="1" slack="0"/>
</pin_list>
<bind>
<StgValue><ssdm name="master_ip_get_gps_info_from_ubx"/></StgValue>
</bind>
</comp>

<comp id="62" class="1001" name="const_62">
<pin_list>
<pin id="63" dir="1" index="0" bw="1" slack="0"/>
</pin_list>
<bind>
<StgValue><ssdm name=""/></StgValue>
</bind>
</comp>

<comp id="64" class="1004" name="p_read_1_read_fu_64">
<pin_list>
<pin id="65" dir="0" index="0" bw="32" slack="0"/>
<pin id="66" dir="0" index="1" bw="32" slack="0"/>
<pin id="67" dir="1" index="2" bw="32" slack="1"/>
</pin_list>
<bind>
<opcode="read(1150) " fcode="read"/>
<opset="p_read_1/1 "/>
</bind>
</comp>

<comp id="70" class="1004" name="p_read_2_read_fu_70">
<pin_list>
<pin id="71" dir="0" index="0" bw="32" slack="0"/>
<pin id="72" dir="0" index="1" bw="32" slack="0"/>
<pin id="73" dir="1" index="2" bw="32" slack="1"/>
</pin_list>
<bind>
<opcode="read(1150) " fcode="read"/>
<opset="p_read_2/1 "/>
</bind>
</comp>

<comp id="76" class="1004" name="p_read_3_read_fu_76">
<pin_list>
<pin id="77" dir="0" index="0" bw="32" slack="0"/>
<pin id="78" dir="0" index="1" bw="32" slack="0"/>
<pin id="79" dir="1" index="2" bw="32" slack="1"/>
</pin_list>
<bind>
<opcode="read(1150) " fcode="read"/>
<opset="p_read_3/1 "/>
</bind>
</comp>

<comp id="82" class="1004" name="input_V_read_1_read_fu_82">
<pin_list>
<pin id="83" dir="0" index="0" bw="1" slack="0"/>
<pin id="84" dir="0" index="1" bw="1" slack="0"/>
<pin id="85" dir="1" index="2" bw="1" slack="0"/>
</pin_list>
<bind>
<opcode="read(1150) " fcode="read"/>
<opset="input_V_read_1/1 "/>
</bind>
</comp>

<comp id="88" class="1004" name="uart_to_coordinates_ck_b_V_rea_1_read_fu_88">
<pin_list>
<pin id="89" dir="0" index="0" bw="8" slack="0"/>
<pin id="90" dir="0" index="1" bw="8" slack="0"/>
<pin id="91" dir="1" index="2" bw="8" slack="1"/>
</pin_list>
<bind>
<opcode="read(1150) " fcode="read"/>
<opset="uart_to_coordinates_ck_b_V_rea_1/1 "/>
</bind>
</comp>

<comp id="94" class="1004" name="uart_to_coordinates_ck_a_V_rea_1_read_fu_94">
<pin_list>
<pin id="95" dir="0" index="0" bw="8" slack="0"/>
<pin id="96" dir="0" index="1" bw="8" slack="0"/>
<pin id="97" dir="1" index="2" bw="8" slack="1"/>
</pin_list>
<bind>
<opcode="read(1150) " fcode="read"/>
<opset="uart_to_coordinates_ck_a_V_rea_1/1 "/>
</bind>
</comp>

<comp id="100" class="1004" name="uart_to_coordinates_gnss_state_1_read_fu_100">
<pin_list>
<pin id="101" dir="0" index="0" bw="6" slack="0"/>
<pin id="102" dir="0" index="1" bw="6" slack="0"/>
<pin id="103" dir="1" index="2" bw="6" slack="1"/>
</pin_list>
<bind>
<opcode="read(1150) " fcode="read"/>
<opset="uart_to_coordinates_gnss_state_1/1 "/>
</bind>
</comp>

<comp id="106" class="1004" name="uart_to_coordinates_current_ou_3_read_fu_106">
<pin_list>
<pin id="107" dir="0" index="0" bw="8" slack="0"/>
<pin id="108" dir="0" index="1" bw="8" slack="0"/>
<pin id="109" dir="1" index="2" bw="8" slack="0"/>
</pin_list>
<bind>
<opcode="read(1150) " fcode="read"/>
<opset="uart_to_coordinates_current_ou_3/1 "/>
</bind>
</comp>

<comp id="112" class="1005" name="coordinates_reg_112">
<pin_list>
<pin id="113" dir="0" index="0" bw="32" slack="2147483647"/>
<pin id="114" dir="1" index="1" bw="32" slack="2147483647"/>
</pin_list>
<bind>
<opset="coordinates (phireg) "/>
</bind>
</comp>

<comp id="115" class="1004" name="coordinates_phi_fu_115">
<pin_list>
<pin id="116" dir="0" index="0" bw="32" slack="2"/>
<pin id="117" dir="0" index="1" bw="0" slack="2147483647"/>
<pin id="118" dir="0" index="2" bw="32" slack="0"/>
<pin id="119" dir="0" index="3" bw="0" slack="2147483647"/>
<pin id="120" dir="1" index="4" bw="32" slack="0"/>
</pin_list>
<bind>
<opcode="phi(47) " fcode="phi"/>
<opset="coordinates/3 "/>
</bind>
</comp>

<comp id="121" class="1005" name="coordinates_1_reg_121">
<pin_list>
<pin id="122" dir="0" index="0" bw="32" slack="2147483647"/>
<pin id="123" dir="1" index="1" bw="32" slack="2147483647"/>
</pin_list>
<bind>
<opset="coordinates_1 (phireg) "/>
</bind>
</comp>

<comp id="124" class="1004" name="coordinates_1_phi_fu_124">
<pin_list>
<pin id="125" dir="0" index="0" bw="32" slack="2"/>
<pin id="126" dir="0" index="1" bw="0" slack="2147483647"/>
<pin id="127" dir="0" index="2" bw="32" slack="0"/>
<pin id="128" dir="0" index="3" bw="0" slack="2147483647"/>
<pin id="129" dir="1" index="4" bw="32" slack="0"/>
</pin_list>
<bind>
<opcode="phi(47) " fcode="phi"/>
<opset="coordinates_1/3 "/>
</bind>
</comp>

<comp id="130" class="1005" name="coordinates_2_reg_130">
<pin_list>
<pin id="131" dir="0" index="0" bw="32" slack="2147483647"/>
<pin id="132" dir="1" index="1" bw="32" slack="2147483647"/>
</pin_list>
<bind>
<opset="coordinates_2 (phireg) "/>
</bind>
</comp>

<comp id="133" class="1004" name="coordinates_2_phi_fu_133">
<pin_list>
<pin id="134" dir="0" index="0" bw="32" slack="2"/>
<pin id="135" dir="0" index="1" bw="0" slack="2147483647"/>
<pin id="136" dir="0" index="2" bw="32" slack="0"/>
<pin id="137" dir="0" index="3" bw="0" slack="2147483647"/>
<pin id="138" dir="1" index="4" bw="32" slack="0"/>
</pin_list>
<bind>
<opcode="phi(47) " fcode="phi"/>
<opset="coordinates_2/3 "/>
</bind>
</comp>

<comp id="139" class="1005" name="uart_to_coordinates_ck_a_V_reg_139">
<pin_list>
<pin id="140" dir="0" index="0" bw="8" slack="2147483647"/>
<pin id="141" dir="1" index="1" bw="8" slack="2147483647"/>
</pin_list>
<bind>
<opset="uart_to_coordinates_ck_a_V (phireg) "/>
</bind>
</comp>

<comp id="142" class="1004" name="uart_to_coordinates_ck_a_V_phi_fu_142">
<pin_list>
<pin id="143" dir="0" index="0" bw="8" slack="2"/>
<pin id="144" dir="0" index="1" bw="0" slack="2147483647"/>
<pin id="145" dir="0" index="2" bw="8" slack="1"/>
<pin id="146" dir="0" index="3" bw="0" slack="2147483647"/>
<pin id="147" dir="1" index="4" bw="8" slack="0"/>
</pin_list>
<bind>
<opcode="phi(47) " fcode="phi"/>
<opset="uart_to_coordinates_ck_a_V/3 "/>
</bind>
</comp>

<comp id="148" class="1005" name="uart_to_coordinates_ck_b_V_reg_148">
<pin_list>
<pin id="149" dir="0" index="0" bw="8" slack="2147483647"/>
<pin id="150" dir="1" index="1" bw="8" slack="2147483647"/>
</pin_list>
<bind>
<opset="uart_to_coordinates_ck_b_V (phireg) "/>
</bind>
</comp>

<comp id="151" class="1004" name="uart_to_coordinates_ck_b_V_phi_fu_151">
<pin_list>
<pin id="152" dir="0" index="0" bw="8" slack="2"/>
<pin id="153" dir="0" index="1" bw="0" slack="2147483647"/>
<pin id="154" dir="0" index="2" bw="8" slack="1"/>
<pin id="155" dir="0" index="3" bw="0" slack="2147483647"/>
<pin id="156" dir="1" index="4" bw="8" slack="0"/>
</pin_list>
<bind>
<opcode="phi(47) " fcode="phi"/>
<opset="uart_to_coordinates_ck_b_V/3 "/>
</bind>
</comp>

<comp id="157" class="1005" name="uart_to_coordinates_gnss_state_reg_157">
<pin_list>
<pin id="158" dir="0" index="0" bw="6" slack="2147483647"/>
<pin id="159" dir="1" index="1" bw="6" slack="2147483647"/>
</pin_list>
<bind>
<opset="uart_to_coordinates_gnss_state (phireg) "/>
</bind>
</comp>

<comp id="160" class="1004" name="uart_to_coordinates_gnss_state_phi_fu_160">
<pin_list>
<pin id="161" dir="0" index="0" bw="6" slack="2"/>
<pin id="162" dir="0" index="1" bw="0" slack="2147483647"/>
<pin id="163" dir="0" index="2" bw="6" slack="0"/>
<pin id="164" dir="0" index="3" bw="0" slack="2147483647"/>
<pin id="165" dir="1" index="4" bw="6" slack="0"/>
</pin_list>
<bind>
<opcode="phi(47) " fcode="phi"/>
<opset="uart_to_coordinates_gnss_state/3 "/>
</bind>
</comp>

<comp id="166" class="1004" name="grp_master_ip_get_gps_info_from_ubx_fu_166">
<pin_list>
<pin id="167" dir="0" index="0" bw="102" slack="0"/>
<pin id="168" dir="0" index="1" bw="8" slack="1"/>
<pin id="169" dir="0" index="2" bw="6" slack="1"/>
<pin id="170" dir="0" index="3" bw="8" slack="0"/>
<pin id="171" dir="0" index="4" bw="8" slack="0"/>
<pin id="172" dir="0" index="5" bw="32" slack="0"/>
<pin id="173" dir="0" index="6" bw="32" slack="0"/>
<pin id="174" dir="0" index="7" bw="32" slack="0"/>
<pin id="175" dir="0" index="8" bw="32" slack="1"/>
<pin id="176" dir="0" index="9" bw="32" slack="1"/>
<pin id="177" dir="0" index="10" bw="32" slack="1"/>
<pin id="178" dir="1" index="11" bw="102" slack="0"/>
</pin_list>
<bind>
<opcode="call(48) " fcode="call"/>
<opset="call_ret5/2 "/>
</bind>
</comp>

<comp id="183" class="1004" name="call_ret6_master_ip_uart_to_byte_fu_183">
<pin_list>
<pin id="184" dir="0" index="0" bw="9" slack="0"/>
<pin id="185" dir="0" index="1" bw="16" slack="0"/>
<pin id="186" dir="0" index="2" bw="1" slack="0"/>
<pin id="187" dir="0" index="3" bw="1" slack="0"/>
<pin id="188" dir="0" index="4" bw="4" slack="0"/>
<pin id="189" dir="0" index="5" bw="8" slack="0"/>
<pin id="190" dir="0" index="6" bw="8" slack="0"/>
<pin id="191" dir="1" index="7" bw="9" slack="0"/>
</pin_list>
<bind>
<opcode="call(48) " fcode="call"/>
<opset="call_ret6/1 "/>
</bind>
</comp>

<comp id="199" class="1004" name="tmp_fu_199">
<pin_list>
<pin id="200" dir="0" index="0" bw="9" slack="0"/>
<pin id="201" dir="1" index="1" bw="1" slack="2"/>
</pin_list>
<bind>
<opcode="extractvalue(56) " fcode="extractvalue"/>
<opset="tmp/1 "/>
</bind>
</comp>

<comp id="203" class="1004" name="uart_to_coordinates_current_ou_fu_203">
<pin_list>
<pin id="204" dir="0" index="0" bw="9" slack="0"/>
<pin id="205" dir="1" index="1" bw="8" slack="1"/>
</pin_list>
<bind>
<opcode="extractvalue(56) " fcode="extractvalue"/>
<opset="uart_to_coordinates_current_ou/1 "/>
</bind>
</comp>

<comp id="207" class="1004" name="tmp_i_fu_207">
<pin_list>
<pin id="208" dir="0" index="0" bw="8" slack="1"/>
<pin id="209" dir="0" index="1" bw="8" slack="1"/>
<pin id="210" dir="1" index="2" bw="8" slack="0"/>
</pin_list>
<bind>
<opcode="add(8) " fcode="add"/>
<opset="tmp_i/2 "/>
</bind>
</comp>

<comp id="211" class="1004" name="tmp_85_i_fu_211">
<pin_list>
<pin id="212" dir="0" index="0" bw="8" slack="0"/>
<pin id="213" dir="0" index="1" bw="8" slack="1"/>
<pin id="214" dir="1" index="2" bw="8" slack="0"/>
</pin_list>
<bind>
<opcode="add(8) " fcode="add"/>
<opset="tmp_85_i/2 "/>
</bind>
</comp>

<comp id="216" class="1004" name="tmp_86_i_fu_216">
<pin_list>
<pin id="217" dir="0" index="0" bw="6" slack="1"/>
<pin id="218" dir="0" index="1" bw="6" slack="0"/>
<pin id="219" dir="1" index="2" bw="1" slack="0"/>
</pin_list>
<bind>
<opcode="icmp(45) " fcode="icmp"/>
<opset="tmp_86_i/2 "/>
</bind>
</comp>

<comp id="221" class="1004" name="tmp_87_i_fu_221">
<pin_list>
<pin id="222" dir="0" index="0" bw="6" slack="1"/>
<pin id="223" dir="0" index="1" bw="6" slack="0"/>
<pin id="224" dir="1" index="2" bw="1" slack="0"/>
</pin_list>
<bind>
<opcode="icmp(45) " fcode="icmp"/>
<opset="tmp_87_i/2 "/>
</bind>
</comp>

<comp id="226" class="1004" name="or_cond4_i_fu_226">
<pin_list>
<pin id="227" dir="0" index="0" bw="1" slack="0"/>
<pin id="228" dir="0" index="1" bw="1" slack="0"/>
<pin id="229" dir="1" index="2" bw="1" slack="0"/>
</pin_list>
<bind>
<opcode="and(23) " fcode="and"/>
<opset="or_cond4_i/2 "/>
</bind>
</comp>

<comp id="232" class="1004" name="uart_to_coordinates_ck_a_V_rea_fu_232">
<pin_list>
<pin id="233" dir="0" index="0" bw="1" slack="0"/>
<pin id="234" dir="0" index="1" bw="8" slack="1"/>
<pin id="235" dir="0" index="2" bw="8" slack="0"/>
<pin id="236" dir="1" index="3" bw="8" slack="0"/>
</pin_list>
<bind>
<opcode="select(49) " fcode="select"/>
<opset="uart_to_coordinates_ck_a_V_rea/2 "/>
</bind>
</comp>

<comp id="239" class="1004" name="uart_to_coordinates_ck_b_V_rea_fu_239">
<pin_list>
<pin id="240" dir="0" index="0" bw="1" slack="0"/>
<pin id="241" dir="0" index="1" bw="8" slack="1"/>
<pin id="242" dir="0" index="2" bw="8" slack="0"/>
<pin id="243" dir="1" index="3" bw="8" slack="0"/>
</pin_list>
<bind>
<opcode="select(49) " fcode="select"/>
<opset="uart_to_coordinates_ck_b_V_rea/2 "/>
</bind>
</comp>

<comp id="246" class="1004" name="sel_tmp_fu_246">
<pin_list>
<pin id="247" dir="0" index="0" bw="6" slack="1"/>
<pin id="248" dir="0" index="1" bw="6" slack="0"/>
<pin id="249" dir="1" index="2" bw="1" slack="0"/>
</pin_list>
<bind>
<opcode="icmp(45) " fcode="icmp"/>
<opset="sel_tmp/2 "/>
</bind>
</comp>

<comp id="251" class="1004" name="sel_tmp1_fu_251">
<pin_list>
<pin id="252" dir="0" index="0" bw="6" slack="1"/>
<pin id="253" dir="0" index="1" bw="6" slack="0"/>
<pin id="254" dir="1" index="2" bw="1" slack="0"/>
</pin_list>
<bind>
<opcode="icmp(45) " fcode="icmp"/>
<opset="sel_tmp1/2 "/>
</bind>
</comp>

<comp id="256" class="1004" name="sel_tmp2_fu_256">
<pin_list>
<pin id="257" dir="0" index="0" bw="6" slack="1"/>
<pin id="258" dir="0" index="1" bw="6" slack="0"/>
<pin id="259" dir="1" index="2" bw="1" slack="0"/>
</pin_list>
<bind>
<opcode="icmp(45) " fcode="icmp"/>
<opset="sel_tmp2/2 "/>
</bind>
</comp>

<comp id="261" class="1004" name="sel_tmp3_fu_261">
<pin_list>
<pin id="262" dir="0" index="0" bw="6" slack="1"/>
<pin id="263" dir="0" index="1" bw="6" slack="0"/>
<pin id="264" dir="1" index="2" bw="1" slack="0"/>
</pin_list>
<bind>
<opcode="icmp(45) " fcode="icmp"/>
<opset="sel_tmp3/2 "/>
</bind>
</comp>

<comp id="266" class="1004" name="sel_tmp4_fu_266">
<pin_list>
<pin id="267" dir="0" index="0" bw="6" slack="1"/>
<pin id="268" dir="0" index="1" bw="6" slack="0"/>
<pin id="269" dir="1" index="2" bw="1" slack="0"/>
</pin_list>
<bind>
<opcode="icmp(45) " fcode="icmp"/>
<opset="sel_tmp4/2 "/>
</bind>
</comp>

<comp id="271" class="1004" name="sel_tmp5_fu_271">
<pin_list>
<pin id="272" dir="0" index="0" bw="6" slack="1"/>
<pin id="273" dir="0" index="1" bw="6" slack="0"/>
<pin id="274" dir="1" index="2" bw="1" slack="0"/>
</pin_list>
<bind>
<opcode="icmp(45) " fcode="icmp"/>
<opset="sel_tmp5/2 "/>
</bind>
</comp>

<comp id="276" class="1004" name="sel_tmp6_fu_276">
<pin_list>
<pin id="277" dir="0" index="0" bw="6" slack="1"/>
<pin id="278" dir="0" index="1" bw="6" slack="0"/>
<pin id="279" dir="1" index="2" bw="1" slack="0"/>
</pin_list>
<bind>
<opcode="icmp(45) " fcode="icmp"/>
<opset="sel_tmp6/2 "/>
</bind>
</comp>

<comp id="281" class="1004" name="sel_tmp7_fu_281">
<pin_list>
<pin id="282" dir="0" index="0" bw="6" slack="1"/>
<pin id="283" dir="0" index="1" bw="6" slack="0"/>
<pin id="284" dir="1" index="2" bw="1" slack="0"/>
</pin_list>
<bind>
<opcode="icmp(45) " fcode="icmp"/>
<opset="sel_tmp7/2 "/>
</bind>
</comp>

<comp id="286" class="1004" name="tmp6_fu_286">
<pin_list>
<pin id="287" dir="0" index="0" bw="1" slack="0"/>
<pin id="288" dir="0" index="1" bw="1" slack="0"/>
<pin id="289" dir="1" index="2" bw="1" slack="0"/>
</pin_list>
<bind>
<opcode="or(24) " fcode="or"/>
<opset="tmp6/2 "/>
</bind>
</comp>

<comp id="292" class="1004" name="tmp7_fu_292">
<pin_list>
<pin id="293" dir="0" index="0" bw="1" slack="0"/>
<pin id="294" dir="0" index="1" bw="1" slack="0"/>
<pin id="295" dir="1" index="2" bw="1" slack="0"/>
</pin_list>
<bind>
<opcode="or(24) " fcode="or"/>
<opset="tmp7/2 "/>
</bind>
</comp>

<comp id="298" class="1004" name="tmp8_fu_298">
<pin_list>
<pin id="299" dir="0" index="0" bw="1" slack="0"/>
<pin id="300" dir="0" index="1" bw="1" slack="0"/>
<pin id="301" dir="1" index="2" bw="1" slack="0"/>
</pin_list>
<bind>
<opcode="or(24) " fcode="or"/>
<opset="tmp8/2 "/>
</bind>
</comp>

<comp id="304" class="1004" name="tmp9_fu_304">
<pin_list>
<pin id="305" dir="0" index="0" bw="1" slack="0"/>
<pin id="306" dir="0" index="1" bw="1" slack="0"/>
<pin id="307" dir="1" index="2" bw="1" slack="0"/>
</pin_list>
<bind>
<opcode="or(24) " fcode="or"/>
<opset="tmp9/2 "/>
</bind>
</comp>

<comp id="310" class="1004" name="tmp10_fu_310">
<pin_list>
<pin id="311" dir="0" index="0" bw="1" slack="0"/>
<pin id="312" dir="0" index="1" bw="1" slack="0"/>
<pin id="313" dir="1" index="2" bw="1" slack="0"/>
</pin_list>
<bind>
<opcode="or(24) " fcode="or"/>
<opset="tmp10/2 "/>
</bind>
</comp>

<comp id="316" class="1004" name="tmp11_fu_316">
<pin_list>
<pin id="317" dir="0" index="0" bw="1" slack="0"/>
<pin id="318" dir="0" index="1" bw="1" slack="0"/>
<pin id="319" dir="1" index="2" bw="1" slack="0"/>
</pin_list>
<bind>
<opcode="or(24) " fcode="or"/>
<opset="tmp11/2 "/>
</bind>
</comp>

<comp id="322" class="1004" name="sel_tmp8_fu_322">
<pin_list>
<pin id="323" dir="0" index="0" bw="1" slack="0"/>
<pin id="324" dir="0" index="1" bw="1" slack="0"/>
<pin id="325" dir="1" index="2" bw="1" slack="0"/>
</pin_list>
<bind>
<opcode="or(24) " fcode="or"/>
<opset="sel_tmp8/2 "/>
</bind>
</comp>

<comp id="328" class="1004" name="uart_to_coordinates_ck_a_V_1_i_fu_328">
<pin_list>
<pin id="329" dir="0" index="0" bw="1" slack="0"/>
<pin id="330" dir="0" index="1" bw="8" slack="0"/>
<pin id="331" dir="0" index="2" bw="8" slack="0"/>
<pin id="332" dir="1" index="3" bw="8" slack="0"/>
</pin_list>
<bind>
<opcode="select(49) " fcode="select"/>
<opset="uart_to_coordinates_ck_a_V_1_i/2 "/>
</bind>
</comp>

<comp id="337" class="1004" name="uart_to_coordinates_ck_b_V_1_i_fu_337">
<pin_list>
<pin id="338" dir="0" index="0" bw="1" slack="0"/>
<pin id="339" dir="0" index="1" bw="8" slack="0"/>
<pin id="340" dir="0" index="2" bw="8" slack="0"/>
<pin id="341" dir="1" index="3" bw="8" slack="0"/>
</pin_list>
<bind>
<opcode="select(49) " fcode="select"/>
<opset="uart_to_coordinates_ck_b_V_1_i/2 "/>
</bind>
</comp>

<comp id="346" class="1004" name="call_ret2_fu_346">
<pin_list>
<pin id="347" dir="0" index="0" bw="102" slack="0"/>
<pin id="348" dir="1" index="1" bw="6" slack="0"/>
</pin_list>
<bind>
<opcode="extractvalue(56) " fcode="extractvalue"/>
<opset="call_ret2/3 "/>
</bind>
</comp>

<comp id="351" class="1004" name="coordinates_0_ret_fu_351">
<pin_list>
<pin id="352" dir="0" index="0" bw="102" slack="0"/>
<pin id="353" dir="1" index="1" bw="32" slack="0"/>
</pin_list>
<bind>
<opcode="extractvalue(56) " fcode="extractvalue"/>
<opset="coordinates_0_ret/3 "/>
</bind>
</comp>

<comp id="356" class="1004" name="coordinates_1_ret_fu_356">
<pin_list>
<pin id="357" dir="0" index="0" bw="102" slack="0"/>
<pin id="358" dir="1" index="1" bw="32" slack="0"/>
</pin_list>
<bind>
<opcode="extractvalue(56) " fcode="extractvalue"/>
<opset="coordinates_1_ret/3 "/>
</bind>
</comp>

<comp id="361" class="1004" name="coordinates_2_ret_fu_361">
<pin_list>
<pin id="362" dir="0" index="0" bw="102" slack="0"/>
<pin id="363" dir="1" index="1" bw="32" slack="0"/>
</pin_list>
<bind>
<opcode="extractvalue(56) " fcode="extractvalue"/>
<opset="coordinates_2_ret/3 "/>
</bind>
</comp>

<comp id="366" class="1004" name="newret_fu_366">
<pin_list>
<pin id="367" dir="0" index="0" bw="126" slack="0"/>
<pin id="368" dir="0" index="1" bw="8" slack="0"/>
<pin id="369" dir="1" index="2" bw="126" slack="0"/>
</pin_list>
<bind>
<opcode="insertvalue(57) " fcode="insertvalue"/>
<opset="newret/3 "/>
</bind>
</comp>

<comp id="372" class="1004" name="newret2_fu_372">
<pin_list>
<pin id="373" dir="0" index="0" bw="126" slack="0"/>
<pin id="374" dir="0" index="1" bw="8" slack="0"/>
<pin id="375" dir="1" index="2" bw="126" slack="0"/>
</pin_list>
<bind>
<opcode="insertvalue(57) " fcode="insertvalue"/>
<opset="newret2/3 "/>
</bind>
</comp>

<comp id="378" class="1004" name="newret4_fu_378">
<pin_list>
<pin id="379" dir="0" index="0" bw="126" slack="0"/>
<pin id="380" dir="0" index="1" bw="8" slack="2"/>
<pin id="381" dir="1" index="2" bw="126" slack="0"/>
</pin_list>
<bind>
<opcode="insertvalue(57) " fcode="insertvalue"/>
<opset="newret4/3 "/>
</bind>
</comp>

<comp id="383" class="1004" name="newret6_fu_383">
<pin_list>
<pin id="384" dir="0" index="0" bw="126" slack="0"/>
<pin id="385" dir="0" index="1" bw="6" slack="0"/>
<pin id="386" dir="1" index="2" bw="126" slack="0"/>
</pin_list>
<bind>
<opcode="insertvalue(57) " fcode="insertvalue"/>
<opset="newret6/3 "/>
</bind>
</comp>

<comp id="389" class="1004" name="newret8_fu_389">
<pin_list>
<pin id="390" dir="0" index="0" bw="126" slack="0"/>
<pin id="391" dir="0" index="1" bw="32" slack="0"/>
<pin id="392" dir="1" index="2" bw="126" slack="0"/>
</pin_list>
<bind>
<opcode="insertvalue(57) " fcode="insertvalue"/>
<opset="newret8/3 "/>
</bind>
</comp>

<comp id="395" class="1004" name="newret1_fu_395">
<pin_list>
<pin id="396" dir="0" index="0" bw="126" slack="0"/>
<pin id="397" dir="0" index="1" bw="32" slack="0"/>
<pin id="398" dir="1" index="2" bw="126" slack="0"/>
</pin_list>
<bind>
<opcode="insertvalue(57) " fcode="insertvalue"/>
<opset="newret1/3 "/>
</bind>
</comp>

<comp id="401" class="1004" name="newret3_fu_401">
<pin_list>
<pin id="402" dir="0" index="0" bw="126" slack="0"/>
<pin id="403" dir="0" index="1" bw="32" slack="0"/>
<pin id="404" dir="1" index="2" bw="126" slack="2147483647"/>
</pin_list>
<bind>
<opcode="insertvalue(57) " fcode="insertvalue"/>
<opset="newret3/3 "/>
</bind>
</comp>

<comp id="407" class="1005" name="p_read_1_reg_407">
<pin_list>
<pin id="408" dir="0" index="0" bw="32" slack="1"/>
<pin id="409" dir="1" index="1" bw="32" slack="1"/>
</pin_list>
<bind>
<opset="p_read_1 "/>
</bind>
</comp>

<comp id="413" class="1005" name="p_read_2_reg_413">
<pin_list>
<pin id="414" dir="0" index="0" bw="32" slack="1"/>
<pin id="415" dir="1" index="1" bw="32" slack="1"/>
</pin_list>
<bind>
<opset="p_read_2 "/>
</bind>
</comp>

<comp id="419" class="1005" name="p_read_3_reg_419">
<pin_list>
<pin id="420" dir="0" index="0" bw="32" slack="1"/>
<pin id="421" dir="1" index="1" bw="32" slack="1"/>
</pin_list>
<bind>
<opset="p_read_3 "/>
</bind>
</comp>

<comp id="425" class="1005" name="uart_to_coordinates_ck_b_V_rea_1_reg_425">
<pin_list>
<pin id="426" dir="0" index="0" bw="8" slack="1"/>
<pin id="427" dir="1" index="1" bw="8" slack="1"/>
</pin_list>
<bind>
<opset="uart_to_coordinates_ck_b_V_rea_1 "/>
</bind>
</comp>

<comp id="432" class="1005" name="uart_to_coordinates_ck_a_V_rea_1_reg_432">
<pin_list>
<pin id="433" dir="0" index="0" bw="8" slack="1"/>
<pin id="434" dir="1" index="1" bw="8" slack="1"/>
</pin_list>
<bind>
<opset="uart_to_coordinates_ck_a_V_rea_1 "/>
</bind>
</comp>

<comp id="439" class="1005" name="uart_to_coordinates_gnss_state_1_reg_439">
<pin_list>
<pin id="440" dir="0" index="0" bw="6" slack="1"/>
<pin id="441" dir="1" index="1" bw="6" slack="1"/>
</pin_list>
<bind>
<opset="uart_to_coordinates_gnss_state_1 "/>
</bind>
</comp>

<comp id="455" class="1005" name="tmp_reg_455">
<pin_list>
<pin id="456" dir="0" index="0" bw="1" slack="2"/>
<pin id="457" dir="1" index="1" bw="1" slack="2147483647"/>
</pin_list>
<bind>
<opset="tmp "/>
</bind>
</comp>

<comp id="459" class="1005" name="uart_to_coordinates_current_ou_reg_459">
<pin_list>
<pin id="460" dir="0" index="0" bw="8" slack="1"/>
<pin id="461" dir="1" index="1" bw="8" slack="1"/>
</pin_list>
<bind>
<opset="uart_to_coordinates_current_ou "/>
</bind>
</comp>

<comp id="466" class="1005" name="uart_to_coordinates_ck_a_V_1_i_reg_466">
<pin_list>
<pin id="467" dir="0" index="0" bw="8" slack="1"/>
<pin id="468" dir="1" index="1" bw="8" slack="1"/>
</pin_list>
<bind>
<opset="uart_to_coordinates_ck_a_V_1_i "/>
</bind>
</comp>

<comp id="472" class="1005" name="uart_to_coordinates_ck_b_V_1_i_reg_472">
<pin_list>
<pin id="473" dir="0" index="0" bw="8" slack="1"/>
<pin id="474" dir="1" index="1" bw="8" slack="1"/>
</pin_list>
<bind>
<opset="uart_to_coordinates_ck_b_V_1_i "/>
</bind>
</comp>

</comp_list>

<net_list>
<net id="68"><net_src comp="30" pin="0"/><net_sink comp="64" pin=0"/></net>

<net id="69"><net_src comp="28" pin="0"/><net_sink comp="64" pin=1"/></net>

<net id="74"><net_src comp="30" pin="0"/><net_sink comp="70" pin=0"/></net>

<net id="75"><net_src comp="26" pin="0"/><net_sink comp="70" pin=1"/></net>

<net id="80"><net_src comp="30" pin="0"/><net_sink comp="76" pin=0"/></net>

<net id="81"><net_src comp="24" pin="0"/><net_sink comp="76" pin=1"/></net>

<net id="86"><net_src comp="32" pin="0"/><net_sink comp="82" pin=0"/></net>

<net id="87"><net_src comp="22" pin="0"/><net_sink comp="82" pin=1"/></net>

<net id="92"><net_src comp="34" pin="0"/><net_sink comp="88" pin=0"/></net>

<net id="93"><net_src comp="14" pin="0"/><net_sink comp="88" pin=1"/></net>

<net id="98"><net_src comp="34" pin="0"/><net_sink comp="94" pin=0"/></net>

<net id="99"><net_src comp="12" pin="0"/><net_sink comp="94" pin=1"/></net>

<net id="104"><net_src comp="36" pin="0"/><net_sink comp="100" pin=0"/></net>

<net id="105"><net_src comp="10" pin="0"/><net_sink comp="100" pin=1"/></net>

<net id="110"><net_src comp="34" pin="0"/><net_sink comp="106" pin=0"/></net>

<net id="111"><net_src comp="8" pin="0"/><net_sink comp="106" pin=1"/></net>

<net id="179"><net_src comp="60" pin="0"/><net_sink comp="166" pin=0"/></net>

<net id="180"><net_src comp="16" pin="0"/><net_sink comp="166" pin=5"/></net>

<net id="181"><net_src comp="18" pin="0"/><net_sink comp="166" pin=6"/></net>

<net id="182"><net_src comp="20" pin="0"/><net_sink comp="166" pin=7"/></net>

<net id="192"><net_src comp="38" pin="0"/><net_sink comp="183" pin=0"/></net>

<net id="193"><net_src comp="0" pin="0"/><net_sink comp="183" pin=1"/></net>

<net id="194"><net_src comp="2" pin="0"/><net_sink comp="183" pin=2"/></net>

<net id="195"><net_src comp="82" pin="2"/><net_sink comp="183" pin=3"/></net>

<net id="196"><net_src comp="4" pin="0"/><net_sink comp="183" pin=4"/></net>

<net id="197"><net_src comp="6" pin="0"/><net_sink comp="183" pin=5"/></net>

<net id="198"><net_src comp="106" pin="2"/><net_sink comp="183" pin=6"/></net>

<net id="202"><net_src comp="183" pin="7"/><net_sink comp="199" pin=0"/></net>

<net id="206"><net_src comp="183" pin="7"/><net_sink comp="203" pin=0"/></net>

<net id="215"><net_src comp="207" pin="2"/><net_sink comp="211" pin=0"/></net>

<net id="220"><net_src comp="40" pin="0"/><net_sink comp="216" pin=1"/></net>

<net id="225"><net_src comp="42" pin="0"/><net_sink comp="221" pin=1"/></net>

<net id="230"><net_src comp="216" pin="2"/><net_sink comp="226" pin=0"/></net>

<net id="231"><net_src comp="221" pin="2"/><net_sink comp="226" pin=1"/></net>

<net id="237"><net_src comp="226" pin="2"/><net_sink comp="232" pin=0"/></net>

<net id="238"><net_src comp="44" pin="0"/><net_sink comp="232" pin=2"/></net>

<net id="244"><net_src comp="226" pin="2"/><net_sink comp="239" pin=0"/></net>

<net id="245"><net_src comp="44" pin="0"/><net_sink comp="239" pin=2"/></net>

<net id="250"><net_src comp="46" pin="0"/><net_sink comp="246" pin=1"/></net>

<net id="255"><net_src comp="48" pin="0"/><net_sink comp="251" pin=1"/></net>

<net id="260"><net_src comp="50" pin="0"/><net_sink comp="256" pin=1"/></net>

<net id="265"><net_src comp="42" pin="0"/><net_sink comp="261" pin=1"/></net>

<net id="270"><net_src comp="52" pin="0"/><net_sink comp="266" pin=1"/></net>

<net id="275"><net_src comp="54" pin="0"/><net_sink comp="271" pin=1"/></net>

<net id="280"><net_src comp="56" pin="0"/><net_sink comp="276" pin=1"/></net>

<net id="285"><net_src comp="58" pin="0"/><net_sink comp="281" pin=1"/></net>

<net id="290"><net_src comp="271" pin="2"/><net_sink comp="286" pin=0"/></net>

<net id="291"><net_src comp="276" pin="2"/><net_sink comp="286" pin=1"/></net>

<net id="296"><net_src comp="266" pin="2"/><net_sink comp="292" pin=0"/></net>

<net id="297"><net_src comp="261" pin="2"/><net_sink comp="292" pin=1"/></net>

<net id="302"><net_src comp="292" pin="2"/><net_sink comp="298" pin=0"/></net>

<net id="303"><net_src comp="286" pin="2"/><net_sink comp="298" pin=1"/></net>

<net id="308"><net_src comp="246" pin="2"/><net_sink comp="304" pin=0"/></net>

<net id="309"><net_src comp="256" pin="2"/><net_sink comp="304" pin=1"/></net>

<net id="314"><net_src comp="251" pin="2"/><net_sink comp="310" pin=0"/></net>

<net id="315"><net_src comp="281" pin="2"/><net_sink comp="310" pin=1"/></net>

<net id="320"><net_src comp="310" pin="2"/><net_sink comp="316" pin=0"/></net>

<net id="321"><net_src comp="304" pin="2"/><net_sink comp="316" pin=1"/></net>

<net id="326"><net_src comp="316" pin="2"/><net_sink comp="322" pin=0"/></net>

<net id="327"><net_src comp="298" pin="2"/><net_sink comp="322" pin=1"/></net>

<net id="333"><net_src comp="322" pin="2"/><net_sink comp="328" pin=0"/></net>

<net id="334"><net_src comp="232" pin="3"/><net_sink comp="328" pin=1"/></net>

<net id="335"><net_src comp="207" pin="2"/><net_sink comp="328" pin=2"/></net>

<net id="336"><net_src comp="328" pin="3"/><net_sink comp="166" pin=3"/></net>

<net id="342"><net_src comp="322" pin="2"/><net_sink comp="337" pin=0"/></net>

<net id="343"><net_src comp="239" pin="3"/><net_sink comp="337" pin=1"/></net>

<net id="344"><net_src comp="211" pin="2"/><net_sink comp="337" pin=2"/></net>

<net id="345"><net_src comp="337" pin="3"/><net_sink comp="166" pin=4"/></net>

<net id="349"><net_src comp="166" pin="11"/><net_sink comp="346" pin=0"/></net>

<net id="350"><net_src comp="346" pin="1"/><net_sink comp="160" pin=2"/></net>

<net id="354"><net_src comp="166" pin="11"/><net_sink comp="351" pin=0"/></net>

<net id="355"><net_src comp="351" pin="1"/><net_sink comp="115" pin=2"/></net>

<net id="359"><net_src comp="166" pin="11"/><net_sink comp="356" pin=0"/></net>

<net id="360"><net_src comp="356" pin="1"/><net_sink comp="124" pin=2"/></net>

<net id="364"><net_src comp="166" pin="11"/><net_sink comp="361" pin=0"/></net>

<net id="365"><net_src comp="361" pin="1"/><net_sink comp="133" pin=2"/></net>

<net id="370"><net_src comp="62" pin="0"/><net_sink comp="366" pin=0"/></net>

<net id="371"><net_src comp="142" pin="4"/><net_sink comp="366" pin=1"/></net>

<net id="376"><net_src comp="366" pin="2"/><net_sink comp="372" pin=0"/></net>

<net id="377"><net_src comp="151" pin="4"/><net_sink comp="372" pin=1"/></net>

<net id="382"><net_src comp="372" pin="2"/><net_sink comp="378" pin=0"/></net>

<net id="387"><net_src comp="378" pin="2"/><net_sink comp="383" pin=0"/></net>

<net id="388"><net_src comp="160" pin="4"/><net_sink comp="383" pin=1"/></net>

<net id="393"><net_src comp="383" pin="2"/><net_sink comp="389" pin=0"/></net>

<net id="394"><net_src comp="115" pin="4"/><net_sink comp="389" pin=1"/></net>

<net id="399"><net_src comp="389" pin="2"/><net_sink comp="395" pin=0"/></net>

<net id="400"><net_src comp="124" pin="4"/><net_sink comp="395" pin=1"/></net>

<net id="405"><net_src comp="395" pin="2"/><net_sink comp="401" pin=0"/></net>

<net id="406"><net_src comp="133" pin="4"/><net_sink comp="401" pin=1"/></net>

<net id="410"><net_src comp="64" pin="2"/><net_sink comp="407" pin=0"/></net>

<net id="411"><net_src comp="407" pin="1"/><net_sink comp="166" pin=10"/></net>

<net id="412"><net_src comp="407" pin="1"/><net_sink comp="133" pin=0"/></net>

<net id="416"><net_src comp="70" pin="2"/><net_sink comp="413" pin=0"/></net>

<net id="417"><net_src comp="413" pin="1"/><net_sink comp="166" pin=9"/></net>

<net id="418"><net_src comp="413" pin="1"/><net_sink comp="124" pin=0"/></net>

<net id="422"><net_src comp="76" pin="2"/><net_sink comp="419" pin=0"/></net>

<net id="423"><net_src comp="419" pin="1"/><net_sink comp="166" pin=8"/></net>

<net id="424"><net_src comp="419" pin="1"/><net_sink comp="115" pin=0"/></net>

<net id="428"><net_src comp="88" pin="2"/><net_sink comp="425" pin=0"/></net>

<net id="429"><net_src comp="425" pin="1"/><net_sink comp="211" pin=1"/></net>

<net id="430"><net_src comp="425" pin="1"/><net_sink comp="239" pin=1"/></net>

<net id="431"><net_src comp="425" pin="1"/><net_sink comp="151" pin=0"/></net>

<net id="435"><net_src comp="94" pin="2"/><net_sink comp="432" pin=0"/></net>

<net id="436"><net_src comp="432" pin="1"/><net_sink comp="207" pin=1"/></net>

<net id="437"><net_src comp="432" pin="1"/><net_sink comp="232" pin=1"/></net>

<net id="438"><net_src comp="432" pin="1"/><net_sink comp="142" pin=0"/></net>

<net id="442"><net_src comp="100" pin="2"/><net_sink comp="439" pin=0"/></net>

<net id="443"><net_src comp="439" pin="1"/><net_sink comp="216" pin=0"/></net>

<net id="444"><net_src comp="439" pin="1"/><net_sink comp="221" pin=0"/></net>

<net id="445"><net_src comp="439" pin="1"/><net_sink comp="246" pin=0"/></net>

<net id="446"><net_src comp="439" pin="1"/><net_sink comp="251" pin=0"/></net>

<net id="447"><net_src comp="439" pin="1"/><net_sink comp="256" pin=0"/></net>

<net id="448"><net_src comp="439" pin="1"/><net_sink comp="261" pin=0"/></net>

<net id="449"><net_src comp="439" pin="1"/><net_sink comp="266" pin=0"/></net>

<net id="450"><net_src comp="439" pin="1"/><net_sink comp="271" pin=0"/></net>

<net id="451"><net_src comp="439" pin="1"/><net_sink comp="276" pin=0"/></net>

<net id="452"><net_src comp="439" pin="1"/><net_sink comp="281" pin=0"/></net>

<net id="453"><net_src comp="439" pin="1"/><net_sink comp="166" pin=2"/></net>

<net id="454"><net_src comp="439" pin="1"/><net_sink comp="160" pin=0"/></net>

<net id="458"><net_src comp="199" pin="1"/><net_sink comp="455" pin=0"/></net>

<net id="462"><net_src comp="203" pin="1"/><net_sink comp="459" pin=0"/></net>

<net id="463"><net_src comp="459" pin="1"/><net_sink comp="207" pin=0"/></net>

<net id="464"><net_src comp="459" pin="1"/><net_sink comp="166" pin=1"/></net>

<net id="465"><net_src comp="459" pin="1"/><net_sink comp="378" pin=1"/></net>

<net id="469"><net_src comp="328" pin="3"/><net_sink comp="466" pin=0"/></net>

<net id="470"><net_src comp="466" pin="1"/><net_sink comp="166" pin=3"/></net>

<net id="471"><net_src comp="466" pin="1"/><net_sink comp="142" pin=2"/></net>

<net id="475"><net_src comp="337" pin="3"/><net_sink comp="472" pin=0"/></net>

<net id="476"><net_src comp="472" pin="1"/><net_sink comp="166" pin=4"/></net>

<net id="477"><net_src comp="472" pin="1"/><net_sink comp="151" pin=2"/></net>

</net_list>

</model> 
---------------- Datapath Model END ------------------

* FSMD analyzer results:
  - Output states:
	Port: uart_to_coordinates_count_V | {1 }
	Port: uart_to_coordinates_previous_input_V | {1 }
	Port: uart_to_coordinates_uart_state_V | {1 }
	Port: uart_to_coordinates_next_out_byte_V | {1 }
	Port: uart_to_coordinates_tempCoordinates_0 | {2 3 }
	Port: uart_to_coordinates_tempCoordinates_1 | {2 3 }
	Port: uart_to_coordinates_tempCoordinates_2 | {2 3 }
  - Chain level:
	State 1
		tmp : 1
		uart_to_coordinates_current_ou : 1
		stg_15 : 2
	State 2
		tmp_85_i : 1
		or_cond4_i : 1
		uart_to_coordinates_ck_a_V_rea : 1
		uart_to_coordinates_ck_b_V_rea : 1
		tmp6 : 1
		tmp7 : 1
		tmp8 : 1
		tmp9 : 1
		tmp10 : 1
		tmp11 : 1
		sel_tmp8 : 1
		uart_to_coordinates_ck_a_V_1_i : 1
		uart_to_coordinates_ck_b_V_1_i : 1
		call_ret5 : 2
	State 3
		call_ret2 : 1
		coordinates_0_ret : 1
		coordinates_1_ret : 1
		coordinates_2_ret : 1
		coordinates : 2
		coordinates_1 : 2
		coordinates_2 : 2
		uart_to_coordinates_ck_a_V : 1
		uart_to_coordinates_ck_b_V : 1
		uart_to_coordinates_gnss_state : 2
		newret : 2
		newret2 : 3
		newret4 : 4
		newret6 : 5
		newret8 : 6
		newret1 : 7
		newret3 : 8
		stg_60 : 9


============================================================
+ Verbose Summary: Datapath Resource usage 
============================================================

* Functional unit list:
|----------|----------------------------------------------|---------|---------|---------|
| Operation|                Functional Unit               |  Delay  |    FF   |   LUT   |
|----------|----------------------------------------------|---------|---------|---------|
|   call   |  grp_master_ip_get_gps_info_from_ubx_fu_166  |  6.652  |   320   |   517   |
|          |    call_ret6_master_ip_uart_to_byte_fu_183   |  7.388  |    10   |   347   |
|----------|----------------------------------------------|---------|---------|---------|
|          |     uart_to_coordinates_ck_a_V_rea_fu_232    |    0    |    0    |    8    |
|  select  |     uart_to_coordinates_ck_b_V_rea_fu_239    |    0    |    0    |    8    |
|          |     uart_to_coordinates_ck_a_V_1_i_fu_328    |    0    |    0    |    8    |
|          |     uart_to_coordinates_ck_b_V_1_i_fu_337    |    0    |    0    |    8    |
|----------|----------------------------------------------|---------|---------|---------|
|          |                tmp_86_i_fu_216               |    0    |    0    |    3    |
|          |                tmp_87_i_fu_221               |    0    |    0    |    3    |
|          |                sel_tmp_fu_246                |    0    |    0    |    3    |
|          |                sel_tmp1_fu_251               |    0    |    0    |    3    |
|   icmp   |                sel_tmp2_fu_256               |    0    |    0    |    3    |
|          |                sel_tmp3_fu_261               |    0    |    0    |    3    |
|          |                sel_tmp4_fu_266               |    0    |    0    |    3    |
|          |                sel_tmp5_fu_271               |    0    |    0    |    3    |
|          |                sel_tmp6_fu_276               |    0    |    0    |    3    |
|          |                sel_tmp7_fu_281               |    0    |    0    |    3    |
|----------|----------------------------------------------|---------|---------|---------|
|    add   |                 tmp_i_fu_207                 |    0    |    0    |    8    |
|          |                tmp_85_i_fu_211               |    0    |    0    |    8    |
|----------|----------------------------------------------|---------|---------|---------|
|          |                  tmp6_fu_286                 |    0    |    0    |    1    |
|          |                  tmp7_fu_292                 |    0    |    0    |    1    |
|          |                  tmp8_fu_298                 |    0    |    0    |    1    |
|    or    |                  tmp9_fu_304                 |    0    |    0    |    1    |
|          |                 tmp10_fu_310                 |    0    |    0    |    1    |
|          |                 tmp11_fu_316                 |    0    |    0    |    1    |
|          |                sel_tmp8_fu_322               |    0    |    0    |    1    |
|----------|----------------------------------------------|---------|---------|---------|
|    and   |               or_cond4_i_fu_226              |    0    |    0    |    1    |
|----------|----------------------------------------------|---------|---------|---------|
|          |              p_read_1_read_fu_64             |    0    |    0    |    0    |
|          |              p_read_2_read_fu_70             |    0    |    0    |    0    |
|          |              p_read_3_read_fu_76             |    0    |    0    |    0    |
|   read   |           input_V_read_1_read_fu_82          |    0    |    0    |    0    |
|          |  uart_to_coordinates_ck_b_V_rea_1_read_fu_88 |    0    |    0    |    0    |
|          |  uart_to_coordinates_ck_a_V_rea_1_read_fu_94 |    0    |    0    |    0    |
|          | uart_to_coordinates_gnss_state_1_read_fu_100 |    0    |    0    |    0    |
|          | uart_to_coordinates_current_ou_3_read_fu_106 |    0    |    0    |    0    |
|----------|----------------------------------------------|---------|---------|---------|
|          |                  tmp_fu_199                  |    0    |    0    |    0    |
|          |     uart_to_coordinates_current_ou_fu_203    |    0    |    0    |    0    |
|extractvalue|               call_ret2_fu_346               |    0    |    0    |    0    |
|          |           coordinates_0_ret_fu_351           |    0    |    0    |    0    |
|          |           coordinates_1_ret_fu_356           |    0    |    0    |    0    |
|          |           coordinates_2_ret_fu_361           |    0    |    0    |    0    |
|----------|----------------------------------------------|---------|---------|---------|
|          |                 newret_fu_366                |    0    |    0    |    0    |
|          |                newret2_fu_372                |    0    |    0    |    0    |
|          |                newret4_fu_378                |    0    |    0    |    0    |
|insertvalue|                newret6_fu_383                |    0    |    0    |    0    |
|          |                newret8_fu_389                |    0    |    0    |    0    |
|          |                newret1_fu_395                |    0    |    0    |    0    |
|          |                newret3_fu_401                |    0    |    0    |    0    |
|----------|----------------------------------------------|---------|---------|---------|
|   Total  |                                              |  14.04  |   330   |   950   |
|----------|----------------------------------------------|---------|---------|---------|

Memories:
N/A

* Register list:
+----------------------------------------+--------+
|                                        |   FF   |
+----------------------------------------+--------+
|          coordinates_1_reg_121         |   32   |
|          coordinates_2_reg_130         |   32   |
|           coordinates_reg_112          |   32   |
|            p_read_1_reg_407            |   32   |
|            p_read_2_reg_413            |   32   |
|            p_read_3_reg_419            |   32   |
|               tmp_reg_455              |    1   |
| uart_to_coordinates_ck_a_V_1_i_reg_466 |    8   |
|uart_to_coordinates_ck_a_V_rea_1_reg_432|    8   |
|   uart_to_coordinates_ck_a_V_reg_139   |    8   |
| uart_to_coordinates_ck_b_V_1_i_reg_472 |    8   |
|uart_to_coordinates_ck_b_V_rea_1_reg_425|    8   |
|   uart_to_coordinates_ck_b_V_reg_148   |    8   |
| uart_to_coordinates_current_ou_reg_459 |    8   |
|uart_to_coordinates_gnss_state_1_reg_439|    6   |
| uart_to_coordinates_gnss_state_reg_157 |    6   |
+----------------------------------------+--------+
|                  Total                 |   261  |
+----------------------------------------+--------+

* Multiplexer (MUX) list: 
|--------------------------------------------|------|------|------|--------||---------||---------|
|                    Comp                    |  Pin | Size |  BW  | S x BW ||  Delay  ||   LUT   |
|--------------------------------------------|------|------|------|--------||---------||---------|
| grp_master_ip_get_gps_info_from_ubx_fu_166 |  p3  |   2  |   8  |   16   ||    8    |
| grp_master_ip_get_gps_info_from_ubx_fu_166 |  p4  |   2  |   8  |   16   ||    8    |
|--------------------------------------------|------|------|------|--------||---------||---------|
|                    Total                   |      |      |      |   32   ||  3.142  ||    16   |
|--------------------------------------------|------|------|------|--------||---------||---------|



* Summary:
+-----------+--------+--------+--------+
|           |  Delay |   FF   |   LUT  |
+-----------+--------+--------+--------+
|  Function |   14   |   330  |   950  |
|   Memory  |    -   |    -   |    -   |
|Multiplexer|    3   |    -   |   16   |
|  Register |    -   |   261  |    -   |
+-----------+--------+--------+--------+
|   Total   |   17   |   591  |   966  |
+-----------+--------+--------+--------+
